Using pre-set license
Built from '2021.3/staging' branch; Version is '2021.3.1f1 (3b70a0754835) revision 3895456'; Using compiler version '192829333'; Build Type 'Release'
OS: 'Windows 10  (10.0.19044) 64bit Core' Language: 'es' Physical Memory: 16255 MB
BatchMode: 1, IsHumanControllingUs: 0, StartBugReporterOnCrash: 0, Is64bit: 1, IsPro: 1

COMMAND LINE ARGUMENTS:
D:\Unity\2021.3.1f1\Editor\Unity.exe
-adb2
-batchMode
-noUpm
-name
AssetImportWorker4
-projectPath
D:/DraconianoLeporidae-DL/Arte/Shaders/UDP Sample Scene
-logFile
Logs/AssetImportWorker4.log
-srvPort
62835
Successfully changed project path to: D:/DraconianoLeporidae-DL/Arte/Shaders/UDP Sample Scene
D:/DraconianoLeporidae-DL/Arte/Shaders/UDP Sample Scene
[UnityMemory] Configuration Parameters - Can be set up in boot.config
    "memorysetup-bucket-allocator-granularity=16"
    "memorysetup-bucket-allocator-bucket-count=8"
    "memorysetup-bucket-allocator-block-size=33554432"
    "memorysetup-bucket-allocator-block-count=8"
    "memorysetup-main-allocator-block-size=16777216"
    "memorysetup-thread-allocator-block-size=16777216"
    "memorysetup-gfx-main-allocator-block-size=16777216"
    "memorysetup-gfx-thread-allocator-block-size=16777216"
    "memorysetup-cache-allocator-block-size=4194304"
    "memorysetup-typetree-allocator-block-size=2097152"
    "memorysetup-profiler-bucket-allocator-granularity=16"
    "memorysetup-profiler-bucket-allocator-bucket-count=8"
    "memorysetup-profiler-bucket-allocator-block-size=33554432"
    "memorysetup-profiler-bucket-allocator-block-count=8"
    "memorysetup-profiler-allocator-block-size=16777216"
    "memorysetup-profiler-editor-allocator-block-size=1048576"
    "memorysetup-temp-allocator-size-main=16777216"
    "memorysetup-job-temp-allocator-block-size=2097152"
    "memorysetup-job-temp-allocator-block-size-background=1048576"
    "memorysetup-job-temp-allocator-reduction-small-platforms=262144"
    "memorysetup-temp-allocator-size-background-worker=32768"
    "memorysetup-temp-allocator-size-job-worker=262144"
    "memorysetup-temp-allocator-size-preload-manager=33554432"
    "memorysetup-temp-allocator-size-nav-mesh-worker=65536"
    "memorysetup-temp-allocator-size-audio-worker=65536"
    "memorysetup-temp-allocator-size-cloud-worker=32768"
    "memorysetup-temp-allocator-size-gi-baking-worker=262144"
    "memorysetup-temp-allocator-size-gfx=262144"
Refreshing native plugins compatible for Editor in 142.46 ms, found 3 plugins.
Preloading 0 native plugins for Editor in 0.00 ms.
Initialize engine version: 2021.3.1f1 (3b70a0754835)
[Subsystems] Discovering subsystems at path D:/Unity/2021.3.1f1/Editor/Data/Resources/UnitySubsystems
[Subsystems] Discovering subsystems at path D:/DraconianoLeporidae-DL/Arte/Shaders/UDP Sample Scene/Assets
GfxDevice: creating device client; threaded=0; jobified=0
Direct3D:
    Version:  Direct3D 11.0 [level 11.1]
    Renderer: NVIDIA GeForce GTX 1070 (ID=0x1ba1)
    Vendor:   NVIDIA
    VRAM:     8081 MB
    Driver:   30.0.15.1295
Initialize mono
Mono path[0] = 'D:/Unity/2021.3.1f1/Editor/Data/Managed'
Mono path[1] = 'D:/Unity/2021.3.1f1/Editor/Data/MonoBleedingEdge/lib/mono/unityjit-win32'
Mono config path = 'D:/Unity/2021.3.1f1/Editor/Data/MonoBleedingEdge/etc'
Using monoOptions --debugger-agent=transport=dt_socket,embedding=1,server=y,suspend=n,address=127.0.0.1:56052
Begin MonoManager ReloadAssembly
Registering precompiled unity dll's ...
Register platform support module: D:/Unity/2021.3.1f1/Editor/Data/PlaybackEngines/WindowsStandaloneSupport/UnityEditor.WindowsStandalone.Extensions.dll
Registered in 0.003287 seconds.
Native extension for WindowsStandalone target not found
Refreshing native plugins compatible for Editor in 196.68 ms, found 3 plugins.
Preloading 0 native plugins for Editor in 0.00 ms.
Mono: successfully reloaded assembly
- Completed reload, in  1.075 seconds
Domain Reload Profiling:
	ReloadAssembly (1076ms)
		BeginReloadAssembly (102ms)
			ExecutionOrderSort (0ms)
			DisableScriptedObjects (0ms)
			BackupInstance (0ms)
			ReleaseScriptingObjects (0ms)
			CreateAndSetChildDomain (1ms)
		EndReloadAssembly (814ms)
			LoadAssemblies (101ms)
			RebuildTransferFunctionScriptingTraits (0ms)
			SetupTypeCache (205ms)
			ReleaseScriptCaches (0ms)
			RebuildScriptCaches (56ms)
			SetupLoadedEditorAssemblies (467ms)
				LogAssemblyErrors (0ms)
				InitializePlatformSupportModulesInManaged (10ms)
				SetLoadedEditorAssemblies (1ms)
				RefreshPlugins (197ms)
				BeforeProcessingInitializeOnLoad (2ms)
				ProcessInitializeOnLoadAttributes (190ms)
				ProcessInitializeOnLoadMethodAttributes (67ms)
				AfterProcessingInitializeOnLoad (0ms)
				EditorAssembliesLoaded (0ms)
			ExecutionOrderSort2 (0ms)
			AwakeInstancesAfterBackupRestoration (0ms)
Platform modules already initialized, skipping
Registering precompiled user dll's ...
Registered in 0.008146 seconds.
Begin MonoManager ReloadAssembly
Symbol file LoadedFromMemory doesn't match image D:\DraconianoLeporidae-DL\Arte\Shaders\UDP Sample Scene\Library\PackageCache\com.unity.visualscripting@1.7.6\Editor\VisualScripting.Core\Dependencies\YamlDotNet\Unity.VisualScripting.YamlDotNet.dll
Symbol file LoadedFromMemory is not a mono symbol file
Symbol file LoadedFromMemory doesn't match image D:\DraconianoLeporidae-DL\Arte\Shaders\UDP Sample Scene\Library\PackageCache\com.unity.visualscripting@1.7.6\Editor\VisualScripting.Core\Dependencies\DotNetZip\Unity.VisualScripting.IonicZip.dll
Native extension for WindowsStandalone target not found
Refreshing native plugins compatible for Editor in 132.08 ms, found 3 plugins.
Preloading 0 native plugins for Editor in 0.00 ms.
Mono: successfully reloaded assembly
- Completed reload, in  3.595 seconds
Domain Reload Profiling:
	ReloadAssembly (3596ms)
		BeginReloadAssembly (158ms)
			ExecutionOrderSort (0ms)
			DisableScriptedObjects (9ms)
			BackupInstance (0ms)
			ReleaseScriptingObjects (0ms)
			CreateAndSetChildDomain (30ms)
		EndReloadAssembly (3174ms)
			LoadAssemblies (1792ms)
			RebuildTransferFunctionScriptingTraits (0ms)
			SetupTypeCache (378ms)
			ReleaseScriptCaches (1ms)
			RebuildScriptCaches (87ms)
			SetupLoadedEditorAssemblies (861ms)
				LogAssemblyErrors (0ms)
				InitializePlatformSupportModulesInManaged (4ms)
				SetLoadedEditorAssemblies (0ms)
				RefreshPlugins (132ms)
				BeforeProcessingInitializeOnLoad (161ms)
				ProcessInitializeOnLoadAttributes (385ms)
				ProcessInitializeOnLoadMethodAttributes (173ms)
				AfterProcessingInitializeOnLoad (5ms)
				EditorAssembliesLoaded (0ms)
			ExecutionOrderSort2 (0ms)
			AwakeInstancesAfterBackupRestoration (9ms)
Platform modules already initialized, skipping
========================================================================
Worker process is ready to serve import requests
Launched and connected shader compiler UnityShaderCompiler.exe after 1.54 seconds
Refreshing native plugins compatible for Editor in 1.02 ms, found 3 plugins.
Preloading 0 native plugins for Editor in 0.00 ms.
Unloading 4834 Unused Serialized files (Serialized files now loaded: 0)
Unloading 30 unused Assets / (0.7 MB). Loaded Objects now: 5289.
Memory consumption went from 189.5 MB to 188.8 MB.
Total: 6.323200 ms (FindLiveObjects: 0.566200 ms CreateObjectMapping: 0.665200 ms MarkObjects: 4.739900 ms  DeleteObjects: 0.350300 ms)

AssetImportParameters requested are different than current active one (requested -> active):
  custom:video-decoder-ogg-theora: a1e56fd34408186e4bbccfd4996cb3dc -> 
  custom:container-muxer-webm: aa71ff27fc2769a1b78a27578f13a17b -> 
  custom:container-demuxer-webm: 4f35f7cbe854078d1ac9338744f61a02 -> 
  custom:video-encoder-webm-vp8: eb34c28f22e8b96e1ab97ce403110664 -> 
  custom:audio-encoder-webm-vorbis: bf7c407c2cedff20999df2af8eb42d56 -> 
  custom:framework-win-MediaFoundation: 216162199b28c13a410421893ffa2e32 -> 
  custom:container-demuxer-ogg: 62fdf1f143b41e24485cea50d1cbac27 -> 
  custom:video-decoder-webm-vp8: 9c59270c3fd7afecdb556c50c9e8de78 -> 
  custom:audio-decoder-ogg-vorbis: bf7c407c2cedff20999df2af8eb42d56 -> 
========================================================================
Received Import Request.
  Time since last request: 3120.524723 seconds.
  path: Assets/Scenes
  artifactKey: Guid(f89d989c61f70ab4c812f00d1d34d145) Importer(815301076,1909f56bfc062723c751e8b465ee728b)
Start importing Assets/Scenes using Guid(f89d989c61f70ab4c812f00d1d34d145) Importer(815301076,1909f56bfc062723c751e8b465ee728b)  -> (artifact id: 'e9914ef4e86d33a8a01987793640d841') in 0.031292 seconds 
========================================================================
Received Import Request.
  Time since last request: 0.000030 seconds.
  path: Assets/UniversalRenderPipelineGlobalSettings.asset
  artifactKey: Guid(38b35347542e5af4c9b140950c5b18db) Importer(815301076,1909f56bfc062723c751e8b465ee728b)
Start importing Assets/UniversalRenderPipelineGlobalSettings.asset using Guid(38b35347542e5af4c9b140950c5b18db) Importer(815301076,1909f56bfc062723c751e8b465ee728b)  -> (artifact id: 'fc6123e748d9189f5af67185a941ede9') in 0.079809 seconds 
========================================================================
Received Import Request.
  Time since last request: 0.000027 seconds.
  path: Assets/Readme.asset
  artifactKey: Guid(83c2ed844a8c74b779a4c823d16594b1) Importer(815301076,1909f56bfc062723c751e8b465ee728b)
Start importing Assets/Readme.asset using Guid(83c2ed844a8c74b779a4c823d16594b1) Importer(815301076,1909f56bfc062723c751e8b465ee728b)  -> (artifact id: '3d334db8cad12b20546e80b61874ece6') in 0.008799 seconds 
========================================================================
Received Import Request.
  Time since last request: 131.523949 seconds.
  path: Assets/_FPS Shooting
  artifactKey: Guid(42492430b30fc054883afc7b5b968774) Importer(815301076,1909f56bfc062723c751e8b465ee728b)
Start importing Assets/_FPS Shooting using Guid(42492430b30fc054883afc7b5b968774) Importer(815301076,1909f56bfc062723c751e8b465ee728b)  -> (artifact id: '5a3bd254680f2c9284c3c20684bf589e') in 0.007474 seconds 
========================================================================
Received Import Request.
  Time since last request: 0.053627 seconds.
  path: Assets/_FPS Shooting/PlayerUI.prefab
  artifactKey: Guid(f3ac53a0009cbe64c8324a97d4941689) Importer(815301076,1909f56bfc062723c751e8b465ee728b)
Start importing Assets/_FPS Shooting/PlayerUI.prefab using Guid(f3ac53a0009cbe64c8324a97d4941689) Importer(815301076,1909f56bfc062723c751e8b465ee728b)  -> (artifact id: '6494759a698a73177f72fa7b79d97e10') in 0.056201 seconds 
========================================================================
Received Import Request.
  Time since last request: 18.381295 seconds.
  path: Assets/_FPS Player
  artifactKey: Guid(e1ba4cfc2aec0f146b24af98a191dbe3) Importer(815301076,1909f56bfc062723c751e8b465ee728b)
Start importing Assets/_FPS Player using Guid(e1ba4cfc2aec0f146b24af98a191dbe3) Importer(815301076,1909f56bfc062723c751e8b465ee728b)  -> (artifact id: 'e097b35511035046a98284bb5078ae07') in 0.009527 seconds 
========================================================================
Received Import Request.
  Time since last request: 0.045589 seconds.
  path: Assets/_FPS Player/Player.prefab
  artifactKey: Guid(c2dc14f109b09a743b03757ef68006c7) Importer(815301076,1909f56bfc062723c751e8b465ee728b)
Start importing Assets/_FPS Player/Player.prefab using Guid(c2dc14f109b09a743b03757ef68006c7) Importer(815301076,1909f56bfc062723c751e8b465ee728b)  -> (artifact id: '7585f3e41fe9b50a58e5f836e0852eb6') in 0.018192 seconds 
========================================================================
Received Import Request.
  Time since last request: 13.906730 seconds.
  path: Assets/_FPS Shooting/Demo Scene
  artifactKey: Guid(4e3413ca88ef84c428bae02cbfd5ad36) Importer(815301076,1909f56bfc062723c751e8b465ee728b)
Start importing Assets/_FPS Shooting/Demo Scene using Guid(4e3413ca88ef84c428bae02cbfd5ad36) Importer(815301076,1909f56bfc062723c751e8b465ee728b)  -> (artifact id: '60829011ca526ea1e65aee6a665541ac') in 0.008805 seconds 
========================================================================
Received Import Request.
  Time since last request: 0.021188 seconds.
  path: Assets/_FPS Shooting/Demo Scene/AmmoBox.prefab
  artifactKey: Guid(af3f1fe1a6bd3a543bb0c607a720dffb) Importer(815301076,1909f56bfc062723c751e8b465ee728b)
Start importing Assets/_FPS Shooting/Demo Scene/AmmoBox.prefab using Guid(af3f1fe1a6bd3a543bb0c607a720dffb) Importer(815301076,1909f56bfc062723c751e8b465ee728b)  -> (artifact id: '1c221aa1c886221825a1269d24b23266') in 0.418205 seconds 
========================================================================
Received Import Request.
  Time since last request: 0.802652 seconds.
  path: Assets/_FPS Shooting/Demo Scene/ShootingDemo.unity
  artifactKey: Guid(b997c84c5b1587e479cc28722fc11505) Importer(815301076,1909f56bfc062723c751e8b465ee728b)
Start importing Assets/_FPS Shooting/Demo Scene/ShootingDemo.unity using Guid(b997c84c5b1587e479cc28722fc11505) Importer(815301076,1909f56bfc062723c751e8b465ee728b)  -> (artifact id: '6deb19f3f94d613f64cc72bf08b78bd9') in 0.006168 seconds 
========================================================================
Received Import Request.
  Time since last request: 432.724805 seconds.
  path: Assets/_FPS Shooting/Scripts
  artifactKey: Guid(e4f02a495b0efa041962c5441a1fc91e) Importer(815301076,1909f56bfc062723c751e8b465ee728b)
Start importing Assets/_FPS Shooting/Scripts using Guid(e4f02a495b0efa041962c5441a1fc91e) Importer(815301076,1909f56bfc062723c751e8b465ee728b)  -> (artifact id: 'afac116d9f972fd2510d1d013d98201a') in 0.012986 seconds 
========================================================================
Received Import Request.
  Time since last request: 553.871317 seconds.
  path: Assets/Materials
  artifactKey: Guid(d0234ba368eeec9418390da711bfdad0) Importer(815301076,1909f56bfc062723c751e8b465ee728b)
Start importing Assets/Materials using Guid(d0234ba368eeec9418390da711bfdad0) Importer(815301076,1909f56bfc062723c751e8b465ee728b)  -> (artifact id: '83ba00896bd7bf65fb5a99f472f277dc') in 0.009879 seconds 
========================================================================
Received Prepare
Registering precompiled user dll's ...
Registered in 0.008239 seconds.
