Using pre-set license
Built from '2021.3/staging' branch; Version is '2021.3.1f1 (3b70a0754835) revision 3895456'; Using compiler version '192829333'; Build Type 'Release'
OS: 'Windows 10  (10.0.19044) 64bit Core' Language: 'es' Physical Memory: 16255 MB
BatchMode: 1, IsHumanControllingUs: 0, StartBugReporterOnCrash: 0, Is64bit: 1, IsPro: 1

COMMAND LINE ARGUMENTS:
D:\Unity\2021.3.1f1\Editor\Unity.exe
-adb2
-batchMode
-noUpm
-name
AssetImportWorker41
-projectPath
D:/DraconianoLeporidae-DL/DL-URP
-logFile
Logs/AssetImportWorker41.log
-srvPort
50058
Successfully changed project path to: D:/DraconianoLeporidae-DL/DL-URP
D:/DraconianoLeporidae-DL/DL-URP
[UnityMemory] Configuration Parameters - Can be set up in boot.config
    "memorysetup-bucket-allocator-granularity=16"
    "memorysetup-bucket-allocator-bucket-count=8"
    "memorysetup-bucket-allocator-block-size=33554432"
    "memorysetup-bucket-allocator-block-count=8"
    "memorysetup-main-allocator-block-size=16777216"
    "memorysetup-thread-allocator-block-size=16777216"
    "memorysetup-gfx-main-allocator-block-size=16777216"
    "memorysetup-gfx-thread-allocator-block-size=16777216"
    "memorysetup-cache-allocator-block-size=4194304"
    "memorysetup-typetree-allocator-block-size=2097152"
    "memorysetup-profiler-bucket-allocator-granularity=16"
    "memorysetup-profiler-bucket-allocator-bucket-count=8"
    "memorysetup-profiler-bucket-allocator-block-size=33554432"
    "memorysetup-profiler-bucket-allocator-block-count=8"
    "memorysetup-profiler-allocator-block-size=16777216"
    "memorysetup-profiler-editor-allocator-block-size=1048576"
    "memorysetup-temp-allocator-size-main=16777216"
    "memorysetup-job-temp-allocator-block-size=2097152"
    "memorysetup-job-temp-allocator-block-size-background=1048576"
    "memorysetup-job-temp-allocator-reduction-small-platforms=262144"
    "memorysetup-temp-allocator-size-background-worker=32768"
    "memorysetup-temp-allocator-size-job-worker=262144"
    "memorysetup-temp-allocator-size-preload-manager=33554432"
    "memorysetup-temp-allocator-size-nav-mesh-worker=65536"
    "memorysetup-temp-allocator-size-audio-worker=65536"
    "memorysetup-temp-allocator-size-cloud-worker=32768"
    "memorysetup-temp-allocator-size-gi-baking-worker=262144"
    "memorysetup-temp-allocator-size-gfx=262144"
Refreshing native plugins compatible for Editor in 319.35 ms, found 3 plugins.
Preloading 0 native plugins for Editor in 0.00 ms.
Initialize engine version: 2021.3.1f1 (3b70a0754835)
[Subsystems] Discovering subsystems at path D:/Unity/2021.3.1f1/Editor/Data/Resources/UnitySubsystems
[Subsystems] Discovering subsystems at path D:/DraconianoLeporidae-DL/DL-URP/Assets
GfxDevice: creating device client; threaded=0; jobified=0
Direct3D:
    Version:  Direct3D 11.0 [level 11.1]
    Renderer: NVIDIA GeForce GTX 1070 (ID=0x1ba1)
    Vendor:   NVIDIA
    VRAM:     8081 MB
    Driver:   30.0.15.1179
Initialize mono
Mono path[0] = 'D:/Unity/2021.3.1f1/Editor/Data/Managed'
Mono path[1] = 'D:/Unity/2021.3.1f1/Editor/Data/MonoBleedingEdge/lib/mono/unityjit-win32'
Mono config path = 'D:/Unity/2021.3.1f1/Editor/Data/MonoBleedingEdge/etc'
Using monoOptions --debugger-agent=transport=dt_socket,embedding=1,server=y,suspend=n,address=127.0.0.1:56968
Begin MonoManager ReloadAssembly
Registering precompiled unity dll's ...
Register platform support module: D:/Unity/2021.3.1f1/Editor/Data/PlaybackEngines/WindowsStandaloneSupport/UnityEditor.WindowsStandalone.Extensions.dll
Registered in 0.007161 seconds.
Native extension for WindowsStandalone target not found
Refreshing native plugins compatible for Editor in 319.39 ms, found 3 plugins.
Preloading 0 native plugins for Editor in 0.00 ms.
Mono: successfully reloaded assembly
- Completed reload, in  1.644 seconds
Domain Reload Profiling:
	ReloadAssembly (1644ms)
		BeginReloadAssembly (165ms)
			ExecutionOrderSort (0ms)
			DisableScriptedObjects (0ms)
			BackupInstance (0ms)
			ReleaseScriptingObjects (0ms)
			CreateAndSetChildDomain (1ms)
		EndReloadAssembly (1175ms)
			LoadAssemblies (172ms)
			RebuildTransferFunctionScriptingTraits (0ms)
			SetupTypeCache (269ms)
			ReleaseScriptCaches (0ms)
			RebuildScriptCaches (55ms)
			SetupLoadedEditorAssemblies (732ms)
				LogAssemblyErrors (0ms)
				InitializePlatformSupportModulesInManaged (10ms)
				SetLoadedEditorAssemblies (0ms)
				RefreshPlugins (320ms)
				BeforeProcessingInitializeOnLoad (2ms)
				ProcessInitializeOnLoadAttributes (286ms)
				ProcessInitializeOnLoadMethodAttributes (114ms)
				AfterProcessingInitializeOnLoad (0ms)
				EditorAssembliesLoaded (0ms)
			ExecutionOrderSort2 (0ms)
			AwakeInstancesAfterBackupRestoration (0ms)
Platform modules already initialized, skipping
Registering precompiled user dll's ...
Registered in 0.025523 seconds.
Begin MonoManager ReloadAssembly
Symbol file LoadedFromMemory doesn't match image D:\DraconianoLeporidae-DL\DL-URP\Library\PackageCache\com.unity.visualscripting@1.7.7\Editor\VisualScripting.Core\Dependencies\YamlDotNet\Unity.VisualScripting.YamlDotNet.dll
Symbol file LoadedFromMemory is not a mono symbol file
Symbol file LoadedFromMemory doesn't match image D:\DraconianoLeporidae-DL\DL-URP\Library\PackageCache\com.unity.visualscripting@1.7.7\Editor\VisualScripting.Core\Dependencies\DotNetZip\Unity.VisualScripting.IonicZip.dll
Native extension for WindowsStandalone target not found
Refreshing native plugins compatible for Editor in 317.31 ms, found 3 plugins.
Preloading 0 native plugins for Editor in 0.00 ms.
System.MissingMethodException: Method not found: void UnityEditor.PluginImporter.SetShouldOverridePredicate(System.Predicate`1<string>)
UnityEngine.StackTraceUtility:ExtractStackTrace ()
UnityEngine.DebugLogHandler:LogFormat (UnityEngine.LogType,UnityEngine.Object,string,object[])
UnityEngine.Logger:Log (UnityEngine.LogType,object)
UnityEngine.Debug:LogError (object)
UnityEditor.EditorAssemblies:ProcessInitializeOnLoadAttributes (System.Type[])

Mono: successfully reloaded assembly
- Completed reload, in  3.604 seconds
Domain Reload Profiling:
	ReloadAssembly (3606ms)
		BeginReloadAssembly (231ms)
			ExecutionOrderSort (0ms)
			DisableScriptedObjects (10ms)
			BackupInstance (0ms)
			ReleaseScriptingObjects (0ms)
			CreateAndSetChildDomain (49ms)
		EndReloadAssembly (3168ms)
			LoadAssemblies (201ms)
			RebuildTransferFunctionScriptingTraits (0ms)
			SetupTypeCache (838ms)
			ReleaseScriptCaches (2ms)
			RebuildScriptCaches (207ms)
			SetupLoadedEditorAssemblies (1797ms)
				LogAssemblyErrors (0ms)
				InitializePlatformSupportModulesInManaged (27ms)
				SetLoadedEditorAssemblies (0ms)
				RefreshPlugins (318ms)
				BeforeProcessingInitializeOnLoad (284ms)
				ProcessInitializeOnLoadAttributes (911ms)
				ProcessInitializeOnLoadMethodAttributes (248ms)
				AfterProcessingInitializeOnLoad (8ms)
				EditorAssembliesLoaded (0ms)
			ExecutionOrderSort2 (0ms)
			AwakeInstancesAfterBackupRestoration (14ms)
Platform modules already initialized, skipping
========================================================================
Worker process is ready to serve import requests
Launched and connected shader compiler UnityShaderCompiler.exe after 0.61 seconds
Refreshing native plugins compatible for Editor in 2.90 ms, found 3 plugins.
Preloading 0 native plugins for Editor in 0.00 ms.
Unloading 6029 Unused Serialized files (Serialized files now loaded: 0)
Unloading 78 unused Assets / (2.0 MB). Loaded Objects now: 6472.
Memory consumption went from 253.8 MB to 251.7 MB.
Total: 7.306300 ms (FindLiveObjects: 0.660400 ms CreateObjectMapping: 0.653100 ms MarkObjects: 5.272300 ms  DeleteObjects: 0.719100 ms)

AssetImportParameters requested are different than current active one (requested -> active):
  custom:video-decoder-ogg-theora: a1e56fd34408186e4bbccfd4996cb3dc -> 
  custom:container-muxer-webm: aa71ff27fc2769a1b78a27578f13a17b -> 
  custom:container-demuxer-webm: 4f35f7cbe854078d1ac9338744f61a02 -> 
  custom:video-encoder-webm-vp8: eb34c28f22e8b96e1ab97ce403110664 -> 
  custom:audio-encoder-webm-vorbis: bf7c407c2cedff20999df2af8eb42d56 -> 
  custom:framework-win-MediaFoundation: 216162199b28c13a410421893ffa2e32 -> 
  custom:container-demuxer-ogg: 62fdf1f143b41e24485cea50d1cbac27 -> 
  custom:video-decoder-webm-vp8: 9c59270c3fd7afecdb556c50c9e8de78 -> 
  custom:audio-decoder-ogg-vorbis: bf7c407c2cedff20999df2af8eb42d56 -> 
========================================================================
Received Import Request.
  Time since last request: 709138.569240 seconds.
  path: Assets/DirtyApartments/_models/furniture/closet_body_4.fbx
  artifactKey: Guid(55338196e437b42db8b2b8b7276f5e40) Importer(815301076,1909f56bfc062723c751e8b465ee728b)
Start importing Assets/DirtyApartments/_models/furniture/closet_body_4.fbx using Guid(55338196e437b42db8b2b8b7276f5e40) Importer(815301076,1909f56bfc062723c751e8b465ee728b) OilPainting 1st init (or Resolution changed)
UnityEngine.StackTraceUtility:ExtractStackTrace ()
UnityEngine.DebugLogHandler:LogFormat (UnityEngine.LogType,UnityEngine.Object,string,object[])
UnityEngine.Logger:Log (UnityEngine.LogType,object)
UnityEngine.Debug:Log (object)
Flockaroo.OilPaintingEffectURP/EffectRenderPass:Render (UnityEngine.Rendering.CommandBuffer,UnityEngine.RenderTexture,UnityEngine.RenderTexture) (at Assets/ExtraTools/flockaroo/OilPainting/OilPaintingEffectURP.cs:456)
Flockaroo.OilPaintingEffectURP/EffectRenderPass:Execute (UnityEngine.Rendering.ScriptableRenderContext,UnityEngine.Rendering.Universal.RenderingData&) (at Assets/ExtraTools/flockaroo/OilPainting/OilPaintingEffectURP.cs:608)
UnityEngine.Rendering.Universal.ScriptableRenderer:ExecuteRenderPass (UnityEngine.Rendering.ScriptableRenderContext,UnityEngine.Rendering.Universal.ScriptableRenderPass,UnityEngine.Rendering.Universal.RenderingData&) (at Library/PackageCache/com.unity.render-pipelines.universal@12.1.6/Runtime/ScriptableRenderer.cs:1003)
UnityEngine.Rendering.Universal.ScriptableRenderer:ExecuteBlock (int,UnityEngine.Rendering.Universal.ScriptableRenderer/RenderBlocks&,UnityEngine.Rendering.ScriptableRenderContext,UnityEngine.Rendering.Universal.RenderingData&,bool) (at Library/PackageCache/com.unity.render-pipelines.universal@12.1.6/Runtime/ScriptableRenderer.cs:962)
UnityEngine.Rendering.Universal.ScriptableRenderer:Execute (UnityEngine.Rendering.ScriptableRenderContext,UnityEngine.Rendering.Universal.RenderingData&) (at Library/PackageCache/com.unity.render-pipelines.universal@12.1.6/Runtime/ScriptableRenderer.cs:758)
UnityEngine.Rendering.Universal.UniversalRenderPipeline:RenderSingleCamera (UnityEngine.Rendering.ScriptableRenderContext,UnityEngine.Rendering.Universal.CameraData,bool) (at Library/PackageCache/com.unity.render-pipelines.universal@12.1.6/Runtime/UniversalRenderPipeline.cs:415)
UnityEngine.Rendering.Universal.UniversalRenderPipeline:RenderSingleCamera (UnityEngine.Rendering.ScriptableRenderContext,UnityEngine.Camera) (at Library/PackageCache/com.unity.render-pipelines.universal@12.1.6/Runtime/UniversalRenderPipeline.cs:324)
UnityEngine.Rendering.Universal.UniversalRenderPipeline:Render (UnityEngine.Rendering.ScriptableRenderContext,System.Collections.Generic.List`1<UnityEngine.Camera>) (at Library/PackageCache/com.unity.render-pipelines.universal@12.1.6/Runtime/UniversalRenderPipeline.cs:279)
UnityEngine.Rendering.RenderPipeline:InternalRender (UnityEngine.Rendering.ScriptableRenderContext,System.Collections.Generic.List`1<UnityEngine.Camera>)
UnityEngine.Rendering.RenderPipelineManager:DoRenderLoop_Internal (UnityEngine.Rendering.RenderPipelineAsset,intptr,System.Collections.Generic.List`1<UnityEngine.Camera/RenderRequest>,Unity.Collections.LowLevel.Unsafe.AtomicSafetyHandle)
UnityEditor.PreviewRenderUtility:Render (bool,bool)
UnityEditor.GameObjectInspector:DoRenderPreview ()
UnityEditor.GameObjectInspector:RenderStaticPreview (string,UnityEngine.Object[],int,int)
UnityEditor.AssetPreviewUpdater:CreatePreview (UnityEngine.Object,UnityEngine.Object[],string,int,int)
UnityEditor.AssetPreviewUpdater:CreatePreviewForAsset (UnityEngine.Object,UnityEngine.Object[],string)

(Filename: Assets/ExtraTools/flockaroo/OilPainting/OilPaintingEffectURP.cs Line: 456)

 -> (artifact id: 'eee075be4d1a70d55fb52ac38536af4c') in 6.633950 seconds 
========================================================================
Received Import Request.
  Time since last request: 0.000063 seconds.
  path: Assets/Settings/SampleSceneProfile.asset
  artifactKey: Guid(10fc4df2da32a41aaa32d77bc913491c) Importer(815301076,1909f56bfc062723c751e8b465ee728b)
Start importing Assets/Settings/SampleSceneProfile.asset using Guid(10fc4df2da32a41aaa32d77bc913491c) Importer(815301076,1909f56bfc062723c751e8b465ee728b)  -> (artifact id: '58e75bbda58e597ed465beb2f8333ca2') in 0.019572 seconds 
========================================================================
Received Import Request.
  Time since last request: 0.000061 seconds.
  path: Assets/Prefabs/PlayerFollowCamera.prefab
  artifactKey: Guid(9c489a8547f4d9e4387da15a4ff82c81) Importer(815301076,1909f56bfc062723c751e8b465ee728b)
Start importing Assets/Prefabs/PlayerFollowCamera.prefab using Guid(9c489a8547f4d9e4387da15a4ff82c81) Importer(815301076,1909f56bfc062723c751e8b465ee728b)  -> (artifact id: 'f54a25f5f0498e0a0e56c8f3be757495') in 0.040326 seconds 
========================================================================
Received Import Request.
  Time since last request: 0.000048 seconds.
  path: Assets/DirtyApartments/_models/furniture/closet_body_2.fbx
  artifactKey: Guid(5f56d0fd9b20b45419a45ed5efb0edb2) Importer(815301076,1909f56bfc062723c751e8b465ee728b)
Start importing Assets/DirtyApartments/_models/furniture/closet_body_2.fbx using Guid(5f56d0fd9b20b45419a45ed5efb0edb2) Importer(815301076,1909f56bfc062723c751e8b465ee728b)  -> (artifact id: '4dea9411e314f68df5bc9c9c470c51b3') in 0.078090 seconds 
========================================================================
Received Import Request.
  Time since last request: 0.000067 seconds.
  path: Assets/ExtraTools/Sci-Fi Styled Modular Pack/Materials/Palletes/base color.mat
  artifactKey: Guid(10de6384af0c3b54e8166f9c3f936e88) Importer(815301076,1909f56bfc062723c751e8b465ee728b)
Start importing Assets/ExtraTools/Sci-Fi Styled Modular Pack/Materials/Palletes/base color.mat using Guid(10de6384af0c3b54e8166f9c3f936e88) Importer(815301076,1909f56bfc062723c751e8b465ee728b)  -> (artifact id: 'cd31ce1e0c5eb48c3c9feb0f5a696f7c') in 5.405518 seconds 
========================================================================
Received Import Request.
  Time since last request: 0.000034 seconds.
  path: Assets/DirtyApartments/_prefabs/furniture/closet_3.prefab
  artifactKey: Guid(e097bacb3d42d4b518aee8b753b4e54f) Importer(815301076,1909f56bfc062723c751e8b465ee728b)
Start importing Assets/DirtyApartments/_prefabs/furniture/closet_3.prefab using Guid(e097bacb3d42d4b518aee8b753b4e54f) Importer(815301076,1909f56bfc062723c751e8b465ee728b)  -> (artifact id: 'bdd3d744d112055052d2c1b0e85cc20d') in 4.323521 seconds 
========================================================================
Received Import Request.
  Time since last request: 0.000056 seconds.
  path: Assets/DirtyApartments/_models/furniture/closet_body_3.fbx
  artifactKey: Guid(d389cb3716eb448459108d0f35606174) Importer(815301076,1909f56bfc062723c751e8b465ee728b)
Start importing Assets/DirtyApartments/_models/furniture/closet_body_3.fbx using Guid(d389cb3716eb448459108d0f35606174) Importer(815301076,1909f56bfc062723c751e8b465ee728b)  -> (artifact id: '7de193da49b52ef01d1713562d306aa1') in 0.080213 seconds 
========================================================================
Received Import Request.
  Time since last request: 0.000089 seconds.
  path: Assets/DirtyApartments/_models/furniture/closet_door_1.fbx
  artifactKey: Guid(0c66c7ea7c21f495c98624647c8280cd) Importer(815301076,1909f56bfc062723c751e8b465ee728b)
Start importing Assets/DirtyApartments/_models/furniture/closet_door_1.fbx using Guid(0c66c7ea7c21f495c98624647c8280cd) Importer(815301076,1909f56bfc062723c751e8b465ee728b)  -> (artifact id: '1e7765d7007f770d3be3910bf4e86312') in 0.058867 seconds 
========================================================================
Received Import Request.
  Time since last request: 0.000061 seconds.
  path: Assets/DirtyApartments/_models/furniture/closet_door_3.fbx
  artifactKey: Guid(15ef84b8227bd409ab6f168c468b6591) Importer(815301076,1909f56bfc062723c751e8b465ee728b)
Start importing Assets/DirtyApartments/_models/furniture/closet_door_3.fbx using Guid(15ef84b8227bd409ab6f168c468b6591) Importer(815301076,1909f56bfc062723c751e8b465ee728b)  -> (artifact id: 'd43cfb8996013d7a84897f0eafb25d12') in 0.192215 seconds 
========================================================================
Received Import Request.
  Time since last request: 0.000051 seconds.
  path: Assets/Prefabs/PlayerCapsule.prefab
  artifactKey: Guid(c5efc39a8aaf6e64ea40e9ad573e9b47) Importer(815301076,1909f56bfc062723c751e8b465ee728b)
Start importing Assets/Prefabs/PlayerCapsule.prefab using Guid(c5efc39a8aaf6e64ea40e9ad573e9b47) Importer(815301076,1909f56bfc062723c751e8b465ee728b)  -> (artifact id: '1f572101963b51a424c2b7367d247ce6') in 0.084275 seconds 
========================================================================
Received Import Request.
  Time since last request: 0.000042 seconds.
  path: Assets/DirtyApartments/_models/furniture/closet_body_6.fbx
  artifactKey: Guid(fe653acd1a668475dbddc66713333bf9) Importer(815301076,1909f56bfc062723c751e8b465ee728b)
Start importing Assets/DirtyApartments/_models/furniture/closet_body_6.fbx using Guid(fe653acd1a668475dbddc66713333bf9) Importer(815301076,1909f56bfc062723c751e8b465ee728b)  -> (artifact id: 'e1a03b0dff77c68919930da6dd180617') in 0.041673 seconds 
========================================================================
Received Import Request.
  Time since last request: 0.000065 seconds.
  path: Assets/Samples/Universal RP/12.1.6/URP Package Samples/SharedAssets/Settings/SamplesPipelineAsset.asset
  artifactKey: Guid(9b9c0b62deeea4218843a7ad59325649) Importer(815301076,1909f56bfc062723c751e8b465ee728b)
Start importing Assets/Samples/Universal RP/12.1.6/URP Package Samples/SharedAssets/Settings/SamplesPipelineAsset.asset using Guid(9b9c0b62deeea4218843a7ad59325649) Importer(815301076,1909f56bfc062723c751e8b465ee728b)  -> (artifact id: 'b3cfb51c3484bc05f69004554e0af180') in 0.045024 seconds 
========================================================================
Received Import Request.
  Time since last request: 0.000121 seconds.
  path: Assets/DirtyApartments/_models/doors_frames/doorFrame_1_separator.fbx
  artifactKey: Guid(a55e3a084f6254152931b8f77750bf1b) Importer(815301076,1909f56bfc062723c751e8b465ee728b)
Start importing Assets/DirtyApartments/_models/doors_frames/doorFrame_1_separator.fbx using Guid(a55e3a084f6254152931b8f77750bf1b) Importer(815301076,1909f56bfc062723c751e8b465ee728b)  -> (artifact id: '3dba99d3aefb74b50f4d54459916c890') in 0.076818 seconds 
========================================================================
Received Import Request.
  Time since last request: 0.000042 seconds.
  path: Assets/Settings/UniversalRP-LowQuality.asset
  artifactKey: Guid(a31e9f9f9c9d4b9429ed0d1234e22103) Importer(815301076,1909f56bfc062723c751e8b465ee728b)
Start importing Assets/Settings/UniversalRP-LowQuality.asset using Guid(a31e9f9f9c9d4b9429ed0d1234e22103) Importer(815301076,1909f56bfc062723c751e8b465ee728b)  -> (artifact id: '84618d5b6d39ff05409f527667ea7026') in 0.012537 seconds 
========================================================================
Received Import Request.
  Time since last request: 0.000034 seconds.
  path: Assets/Presets/AudioCompressedInMemory.preset
  artifactKey: Guid(2dd802e4d37c65149922028d3e973832) Importer(815301076,1909f56bfc062723c751e8b465ee728b)
Start importing Assets/Presets/AudioCompressedInMemory.preset using Guid(2dd802e4d37c65149922028d3e973832) Importer(815301076,1909f56bfc062723c751e8b465ee728b)  -> (artifact id: '11aa55593b29254b933979ccaab9d090') in 0.039218 seconds 
========================================================================
Received Import Request.
  Time since last request: 0.000039 seconds.
  path: Assets/ExtraTools/Sci-Fi Styled Modular Pack/Textures/base-color-normal.png
  artifactKey: Guid(ff91cef54bb04124b899f12176bee5d1) Importer(815301076,1909f56bfc062723c751e8b465ee728b)
Start importing Assets/ExtraTools/Sci-Fi Styled Modular Pack/Textures/base-color-normal.png using Guid(ff91cef54bb04124b899f12176bee5d1) Importer(815301076,1909f56bfc062723c751e8b465ee728b)  -> (artifact id: '4af37b0b804fcf628e83d9addca3a0df') in 0.365290 seconds 
========================================================================
Received Import Request.
  Time since last request: 0.000071 seconds.
  path: Assets/RPG_FPS_game_assets_industrial/Containers/Cargo_container_v1/Cargo_container_v1_LD1close.prefab
  artifactKey: Guid(84147b87204d0a0478bae9558d656ea2) Importer(815301076,1909f56bfc062723c751e8b465ee728b)
Start importing Assets/RPG_FPS_game_assets_industrial/Containers/Cargo_container_v1/Cargo_container_v1_LD1close.prefab using Guid(84147b87204d0a0478bae9558d656ea2) Importer(815301076,1909f56bfc062723c751e8b465ee728b)  -> (artifact id: '9d6a35fdbfb9b0b72416b5113d738b76') in 4.406847 seconds 
========================================================================
Received Import Request.
  Time since last request: 0.000042 seconds.
  path: Assets/Environment/Art/Textures/Grid_01_BaseMap.png
  artifactKey: Guid(d1118dda59970a2449ee890fa247c4c5) Importer(815301076,1909f56bfc062723c751e8b465ee728b)
Start importing Assets/Environment/Art/Textures/Grid_01_BaseMap.png using Guid(d1118dda59970a2449ee890fa247c4c5) Importer(815301076,1909f56bfc062723c751e8b465ee728b)  -> (artifact id: '83a68d92207e3f8bccf203738ccb6000') in 0.051851 seconds 
========================================================================
Received Import Request.
  Time since last request: 0.000066 seconds.
  path: Assets/Samples/Universal RP/12.1.6/URP Package Samples/CameraStacking/3D Skybox/BaseRenderer.asset
  artifactKey: Guid(07b57d7fb16b544d58834c4108deabbb) Importer(815301076,1909f56bfc062723c751e8b465ee728b)
Start importing Assets/Samples/Universal RP/12.1.6/URP Package Samples/CameraStacking/3D Skybox/BaseRenderer.asset using Guid(07b57d7fb16b544d58834c4108deabbb) Importer(815301076,1909f56bfc062723c751e8b465ee728b)  -> (artifact id: '3a7dfb5179b20a5ec704864d57efc0cf') in 0.094826 seconds 
========================================================================
Received Import Request.
  Time since last request: 0.000046 seconds.
  path: Assets/RPG_FPS_game_assets_industrial/Containers/Cargo_container_v1/Cargo_container_v1_LD2close.prefab
  artifactKey: Guid(58d97d456aead63499ac7d5316541f78) Importer(815301076,1909f56bfc062723c751e8b465ee728b)
Start importing Assets/RPG_FPS_game_assets_industrial/Containers/Cargo_container_v1/Cargo_container_v1_LD2close.prefab using Guid(58d97d456aead63499ac7d5316541f78) Importer(815301076,1909f56bfc062723c751e8b465ee728b)  -> (artifact id: '18af0f87cc4f2f876392c11ba558ab37') in 0.067625 seconds 
========================================================================
Received Import Request.
  Time since last request: 0.000290 seconds.
  path: Assets/Settings/UniversalRP-MediumQuality.asset
  artifactKey: Guid(d847b876476d3d6468f5dfcd34266f96) Importer(815301076,1909f56bfc062723c751e8b465ee728b)
Start importing Assets/Settings/UniversalRP-MediumQuality.asset using Guid(d847b876476d3d6468f5dfcd34266f96) Importer(815301076,1909f56bfc062723c751e8b465ee728b)  -> (artifact id: 'adb0db85b16b226b88c661c53e07742c') in 0.018708 seconds 
========================================================================
Received Import Request.
  Time since last request: 0.000069 seconds.
  path: Assets/DirtyApartments/_models/props/fuseBox_1_body.fbx
  artifactKey: Guid(a151c66962a8041ce9a62c621b83b31c) Importer(815301076,1909f56bfc062723c751e8b465ee728b)
Start importing Assets/DirtyApartments/_models/props/fuseBox_1_body.fbx using Guid(a151c66962a8041ce9a62c621b83b31c) Importer(815301076,1909f56bfc062723c751e8b465ee728b)  -> (artifact id: 'dd4a54d6c63086eabc1065f737256c93') in 0.057811 seconds 
========================================================================
Received Import Request.
  Time since last request: 0.000056 seconds.
  path: Assets/DirtyApartments/_sound/backgroundNoise.wav
  artifactKey: Guid(afba1592905014837b6de6477b8d6d84) Importer(815301076,1909f56bfc062723c751e8b465ee728b)
Start importing Assets/DirtyApartments/_sound/backgroundNoise.wav using Guid(afba1592905014837b6de6477b8d6d84) Importer(815301076,1909f56bfc062723c751e8b465ee728b)  -> (artifact id: '948948ab53b0641912899623cbf5986c') in 0.261876 seconds 
========================================================================
Received Import Request.
  Time since last request: 0.000052 seconds.
  path: Assets/DirtyApartments/_models/props/fuseBox_2.fbx
  artifactKey: Guid(703758062f5b74a5caa82ffb661663a6) Importer(815301076,1909f56bfc062723c751e8b465ee728b)
Start importing Assets/DirtyApartments/_models/props/fuseBox_2.fbx using Guid(703758062f5b74a5caa82ffb661663a6) Importer(815301076,1909f56bfc062723c751e8b465ee728b)  -> (artifact id: 'a097ceaa7a62705247704c452aa60bc8') in 0.069542 seconds 
========================================================================
Received Import Request.
  Time since last request: 0.000206 seconds.
  path: Assets/DirtyApartments/_models/furniture/closet_door_5.fbx
  artifactKey: Guid(10848345d1cec45018cac4a6c6d37a45) Importer(815301076,1909f56bfc062723c751e8b465ee728b)
Start importing Assets/DirtyApartments/_models/furniture/closet_door_5.fbx using Guid(10848345d1cec45018cac4a6c6d37a45) Importer(815301076,1909f56bfc062723c751e8b465ee728b)  -> (artifact id: '053a11ba824f34e17b23fe175c1b2535') in 0.139523 seconds 
========================================================================
Received Import Request.
  Time since last request: 0.000047 seconds.
  path: Assets/Settings/UniversalRP-HighQuality.asset
  artifactKey: Guid(19ba41d7c0026c3459d37c2fe90c55a0) Importer(815301076,1909f56bfc062723c751e8b465ee728b)
Start importing Assets/Settings/UniversalRP-HighQuality.asset using Guid(19ba41d7c0026c3459d37c2fe90c55a0) Importer(815301076,1909f56bfc062723c751e8b465ee728b)  -> (artifact id: 'f7257731c46b92e1784f227849c31a91') in 0.013052 seconds 
========================================================================
Received Import Request.
  Time since last request: 0.000048 seconds.
  path: Assets/RPG_FPS_game_assets_industrial/Containers/Cargo_container_v1/Source/Cargo_container_v1.FBX
  artifactKey: Guid(856f086268c2c1b4f8f1d4b9bc614217) Importer(815301076,1909f56bfc062723c751e8b465ee728b)
Start importing Assets/RPG_FPS_game_assets_industrial/Containers/Cargo_container_v1/Source/Cargo_container_v1.FBX using Guid(856f086268c2c1b4f8f1d4b9bc614217) Importer(815301076,1909f56bfc062723c751e8b465ee728b)  -> (artifact id: '9fea69a25cab5ea3784a25d98c251c75') in 0.397453 seconds 
========================================================================
Received Import Request.
  Time since last request: 0.000059 seconds.
  path: Assets/DirtyApartments/_prefabs/furniture/closet_6.prefab
  artifactKey: Guid(6f6045f1c620b4772bc632c740391d5f) Importer(815301076,1909f56bfc062723c751e8b465ee728b)
Start importing Assets/DirtyApartments/_prefabs/furniture/closet_6.prefab using Guid(6f6045f1c620b4772bc632c740391d5f) Importer(815301076,1909f56bfc062723c751e8b465ee728b)  -> (artifact id: '244107eb620aaef7ff9d62e37e3686a5') in 0.062763 seconds 
========================================================================
Received Import Request.
  Time since last request: 0.000047 seconds.
  path: Assets/DirtyApartments/_prefabs/furniture/closet_2.prefab
  artifactKey: Guid(709c1873b44074bb9aa4b70286102afa) Importer(815301076,1909f56bfc062723c751e8b465ee728b)
Start importing Assets/DirtyApartments/_prefabs/furniture/closet_2.prefab using Guid(709c1873b44074bb9aa4b70286102afa) Importer(815301076,1909f56bfc062723c751e8b465ee728b)  -> (artifact id: '8926a4f611022cfdac017f788d5f4ea6') in 0.051991 seconds 
========================================================================
Received Import Request.
  Time since last request: 0.000041 seconds.
  path: Assets/DirtyApartments/_models/furniture/closet_door_2.fbx
  artifactKey: Guid(f57d30ff383084e4fb47a4caf6ff9d2e) Importer(815301076,1909f56bfc062723c751e8b465ee728b)
Start importing Assets/DirtyApartments/_models/furniture/closet_door_2.fbx using Guid(f57d30ff383084e4fb47a4caf6ff9d2e) Importer(815301076,1909f56bfc062723c751e8b465ee728b)  -> (artifact id: '5de19386075c27ad0d5b33bc97cc1cf8') in 0.047325 seconds 
========================================================================
Received Import Request.
  Time since last request: 0.000048 seconds.
  path: Assets/Samples/Universal RP/12.1.6/URP Package Samples/Shaders/Lit/Textures/Coins_Base.png
  artifactKey: Guid(b163bf2a288dd46efa3cc7460d5f9cd8) Importer(815301076,1909f56bfc062723c751e8b465ee728b)
Start importing Assets/Samples/Universal RP/12.1.6/URP Package Samples/Shaders/Lit/Textures/Coins_Base.png using Guid(b163bf2a288dd46efa3cc7460d5f9cd8) Importer(815301076,1909f56bfc062723c751e8b465ee728b)  -> (artifact id: 'b0759e76f2976b3c9eda095ebe788eb6') in 0.112559 seconds 
========================================================================
Received Import Request.
  Time since last request: 0.000081 seconds.
  path: Assets/InputSystem/StarterAssets.inputactions
  artifactKey: Guid(4419d82f33d36e848b3ed5af4c8da37e) Importer(815301076,1909f56bfc062723c751e8b465ee728b)
Start importing Assets/InputSystem/StarterAssets.inputactions using Guid(4419d82f33d36e848b3ed5af4c8da37e) Importer(815301076,1909f56bfc062723c751e8b465ee728b)  -> (artifact id: 'bed74f04d265199ec540f58064e0824a') in 0.025694 seconds 
========================================================================
Received Import Request.
  Time since last request: 0.000068 seconds.
  path: Assets/Samples/Universal RP/12.1.6/URP Package Samples/Shaders/Lit/Materials/BaseWhite.mat
  artifactKey: Guid(f5c03b7d48332454cbf96bd82bc98f12) Importer(815301076,1909f56bfc062723c751e8b465ee728b)
Start importing Assets/Samples/Universal RP/12.1.6/URP Package Samples/Shaders/Lit/Materials/BaseWhite.mat using Guid(f5c03b7d48332454cbf96bd82bc98f12) Importer(815301076,1909f56bfc062723c751e8b465ee728b)  -> (artifact id: 'e46288829eb40fadc3ce09bc15ad3070') in 0.044045 seconds 
========================================================================
Received Import Request.
  Time since last request: 0.000046 seconds.
  path: Assets/DirtyApartments/_prefabs/props/fuseBox_1_body.prefab
  artifactKey: Guid(84ec41e3c11694cd98b937b528451d06) Importer(815301076,1909f56bfc062723c751e8b465ee728b)
Start importing Assets/DirtyApartments/_prefabs/props/fuseBox_1_body.prefab using Guid(84ec41e3c11694cd98b937b528451d06) Importer(815301076,1909f56bfc062723c751e8b465ee728b)  -> (artifact id: '9cbd66ae3be2c2c3ffc5f017c61b4906') in 4.699122 seconds 
========================================================================
Received Import Request.
  Time since last request: 0.000084 seconds.
  path: Assets/Samples/Universal RP/12.1.6/URP Package Samples/SharedAssets/Settings/SamplesForwardRenderer.asset
  artifactKey: Guid(73aaea17d5ba84b43bb1279840f57989) Importer(815301076,1909f56bfc062723c751e8b465ee728b)
Start importing Assets/Samples/Universal RP/12.1.6/URP Package Samples/SharedAssets/Settings/SamplesForwardRenderer.asset using Guid(73aaea17d5ba84b43bb1279840f57989) Importer(815301076,1909f56bfc062723c751e8b465ee728b)  -> (artifact id: '14f443df5a144c9b475cd85ece7ca9c7') in 0.015969 seconds 
========================================================================
Received Import Request.
  Time since last request: 0.000067 seconds.
  path: Assets/DirtyApartments/_prefabs/props/fuseBox_2.prefab
  artifactKey: Guid(b519050f297dd48528803af71a2f15ce) Importer(815301076,1909f56bfc062723c751e8b465ee728b)
Start importing Assets/DirtyApartments/_prefabs/props/fuseBox_2.prefab using Guid(b519050f297dd48528803af71a2f15ce) Importer(815301076,1909f56bfc062723c751e8b465ee728b)  -> (artifact id: '01b0aa4de32536cfbf3d4dc4b5afdaa0') in 0.047062 seconds 
========================================================================
Received Import Request.
  Time since last request: 0.000094 seconds.
  path: Assets/DirtyApartments/_models/props/fuseBox_1_lid.fbx
  artifactKey: Guid(3f73ec02d320d44a2854829d0a7a2eef) Importer(815301076,1909f56bfc062723c751e8b465ee728b)
Start importing Assets/DirtyApartments/_models/props/fuseBox_1_lid.fbx using Guid(3f73ec02d320d44a2854829d0a7a2eef) Importer(815301076,1909f56bfc062723c751e8b465ee728b)  -> (artifact id: 'ff3401702f02ceaddfa6aa3a99f6df44') in 0.146504 seconds 
========================================================================
Received Import Request.
  Time since last request: 0.000091 seconds.
  path: Assets/Settings
  artifactKey: Guid(0735c275001a2c84dafdb30deced5d8d) Importer(815301076,1909f56bfc062723c751e8b465ee728b)
Start importing Assets/Settings using Guid(0735c275001a2c84dafdb30deced5d8d) Importer(815301076,1909f56bfc062723c751e8b465ee728b)  -> (artifact id: '3571677c4b3339ab56b48ecae5562dee') in 0.010080 seconds 
========================================================================
Received Import Request.
  Time since last request: 0.000091 seconds.
  path: Assets/Samples/Universal RP/12.1.6/URP Package Samples/SharedAssets/Prefabs/FirstPersonPlayer.prefab
  artifactKey: Guid(8089b5fe6d8304423814ff197221f77d) Importer(815301076,1909f56bfc062723c751e8b465ee728b)
Start importing Assets/Samples/Universal RP/12.1.6/URP Package Samples/SharedAssets/Prefabs/FirstPersonPlayer.prefab using Guid(8089b5fe6d8304423814ff197221f77d) Importer(815301076,1909f56bfc062723c751e8b465ee728b)  -> (artifact id: '610dd51342e75a83c3d97f3fec2ed3b3') in 0.049818 seconds 
========================================================================
Received Import Request.
  Time since last request: 0.000100 seconds.
  path: Assets/Samples/Universal RP/12.1.6/URP Package Samples/SharedAssets/Settings/Global Volume Profile.asset
  artifactKey: Guid(ff8527d309d1d49598d1b259a43975d2) Importer(815301076,1909f56bfc062723c751e8b465ee728b)
Start importing Assets/Samples/Universal RP/12.1.6/URP Package Samples/SharedAssets/Settings/Global Volume Profile.asset using Guid(ff8527d309d1d49598d1b259a43975d2) Importer(815301076,1909f56bfc062723c751e8b465ee728b)  -> (artifact id: 'd3b08840f5b931ae9f3f0820cdfa7501') in 0.071782 seconds 
========================================================================
Received Import Request.
  Time since last request: 0.000119 seconds.
  path: Assets/DirtyApartments/_models/furniture/closet_door_4.fbx
  artifactKey: Guid(47d5c5dccc2844316a674b078c3b9628) Importer(815301076,1909f56bfc062723c751e8b465ee728b)
Start importing Assets/DirtyApartments/_models/furniture/closet_door_4.fbx using Guid(47d5c5dccc2844316a674b078c3b9628) Importer(815301076,1909f56bfc062723c751e8b465ee728b)  -> (artifact id: 'c030ca304696712f8a7e3467bf9c7731') in 0.059418 seconds 
========================================================================
Received Import Request.
  Time since last request: 0.000048 seconds.
  path: Assets/Samples/Universal RP/12.1.6/URP Package Samples/Shaders/Lit/Materials/BaseMap.mat
  artifactKey: Guid(81a7b3fb99e984cb0a7a85e94d32a98e) Importer(815301076,1909f56bfc062723c751e8b465ee728b)
Start importing Assets/Samples/Universal RP/12.1.6/URP Package Samples/Shaders/Lit/Materials/BaseMap.mat using Guid(81a7b3fb99e984cb0a7a85e94d32a98e) Importer(815301076,1909f56bfc062723c751e8b465ee728b)  -> (artifact id: '44662a587d3cc4c912d3dd04e5703308') in 0.067638 seconds 
========================================================================
Received Import Request.
  Time since last request: 0.000063 seconds.
  path: Assets/RPG_FPS_game_assets_industrial/Fences/Concrete_fences/Concrete_fence_v1/Concrete_fence_v1_wall_set_v2.prefab
  artifactKey: Guid(36b4cee33c5a95b4fa7f0ae6bdb49564) Importer(815301076,1909f56bfc062723c751e8b465ee728b)
Start importing Assets/RPG_FPS_game_assets_industrial/Fences/Concrete_fences/Concrete_fence_v1/Concrete_fence_v1_wall_set_v2.prefab using Guid(36b4cee33c5a95b4fa7f0ae6bdb49564) Importer(815301076,1909f56bfc062723c751e8b465ee728b)  -> (artifact id: 'a5b931b8b56504acb9381e8842445b46') in 0.215794 seconds 
========================================================================
Received Import Request.
  Time since last request: 0.000067 seconds.
  path: Assets/Samples/Universal RP/12.1.6/URP Package Samples/SharedAssets/Settings
  artifactKey: Guid(84526027066e74d57abd1d4fe7fe7dd9) Importer(815301076,1909f56bfc062723c751e8b465ee728b)
Start importing Assets/Samples/Universal RP/12.1.6/URP Package Samples/SharedAssets/Settings using Guid(84526027066e74d57abd1d4fe7fe7dd9) Importer(815301076,1909f56bfc062723c751e8b465ee728b)  -> (artifact id: '5587c846d7bab4e0d2909d2fd09d712e') in 0.161468 seconds 
