Using pre-set license
Built from '2021.3/staging' branch; Version is '2021.3.1f1 (3b70a0754835) revision 3895456'; Using compiler version '192829333'; Build Type 'Release'
OS: 'Windows 10  (10.0.19044) 64bit Core' Language: 'es' Physical Memory: 16255 MB
BatchMode: 1, IsHumanControllingUs: 0, StartBugReporterOnCrash: 0, Is64bit: 1, IsPro: 1

COMMAND LINE ARGUMENTS:
D:\Unity\2021.3.1f1\Editor\Unity.exe
-adb2
-batchMode
-noUpm
-name
AssetImportWorker1
-projectPath
D:/DraconianoLeporidae-DL/DL-URP
-logFile
Logs/AssetImportWorker1.log
-srvPort
55855
Successfully changed project path to: D:/DraconianoLeporidae-DL/DL-URP
D:/DraconianoLeporidae-DL/DL-URP
[UnityMemory] Configuration Parameters - Can be set up in boot.config
    "memorysetup-bucket-allocator-granularity=16"
    "memorysetup-bucket-allocator-bucket-count=8"
    "memorysetup-bucket-allocator-block-size=33554432"
    "memorysetup-bucket-allocator-block-count=8"
    "memorysetup-main-allocator-block-size=16777216"
    "memorysetup-thread-allocator-block-size=16777216"
    "memorysetup-gfx-main-allocator-block-size=16777216"
    "memorysetup-gfx-thread-allocator-block-size=16777216"
    "memorysetup-cache-allocator-block-size=4194304"
    "memorysetup-typetree-allocator-block-size=2097152"
    "memorysetup-profiler-bucket-allocator-granularity=16"
    "memorysetup-profiler-bucket-allocator-bucket-count=8"
    "memorysetup-profiler-bucket-allocator-block-size=33554432"
    "memorysetup-profiler-bucket-allocator-block-count=8"
    "memorysetup-profiler-allocator-block-size=16777216"
    "memorysetup-profiler-editor-allocator-block-size=1048576"
    "memorysetup-temp-allocator-size-main=16777216"
    "memorysetup-job-temp-allocator-block-size=2097152"
    "memorysetup-job-temp-allocator-block-size-background=1048576"
    "memorysetup-job-temp-allocator-reduction-small-platforms=262144"
    "memorysetup-temp-allocator-size-background-worker=32768"
    "memorysetup-temp-allocator-size-job-worker=262144"
    "memorysetup-temp-allocator-size-preload-manager=33554432"
    "memorysetup-temp-allocator-size-nav-mesh-worker=65536"
    "memorysetup-temp-allocator-size-audio-worker=65536"
    "memorysetup-temp-allocator-size-cloud-worker=32768"
    "memorysetup-temp-allocator-size-gi-baking-worker=262144"
    "memorysetup-temp-allocator-size-gfx=262144"
Refreshing native plugins compatible for Editor in 246.87 ms, found 3 plugins.
Preloading 0 native plugins for Editor in 0.00 ms.
Initialize engine version: 2021.3.1f1 (3b70a0754835)
[Subsystems] Discovering subsystems at path D:/Unity/2021.3.1f1/Editor/Data/Resources/UnitySubsystems
[Subsystems] Discovering subsystems at path D:/DraconianoLeporidae-DL/DL-URP/Assets
GfxDevice: creating device client; threaded=0; jobified=0
Direct3D:
    Version:  Direct3D 11.0 [level 11.1]
    Renderer: NVIDIA GeForce GTX 1070 (ID=0x1ba1)
    Vendor:   NVIDIA
    VRAM:     8081 MB
    Driver:   30.0.15.1295
Initialize mono
Mono path[0] = 'D:/Unity/2021.3.1f1/Editor/Data/Managed'
Mono path[1] = 'D:/Unity/2021.3.1f1/Editor/Data/MonoBleedingEdge/lib/mono/unityjit-win32'
Mono config path = 'D:/Unity/2021.3.1f1/Editor/Data/MonoBleedingEdge/etc'
Using monoOptions --debugger-agent=transport=dt_socket,embedding=1,server=y,suspend=n,address=127.0.0.1:56580
Begin MonoManager ReloadAssembly
Registering precompiled unity dll's ...
Register platform support module: D:/Unity/2021.3.1f1/Editor/Data/PlaybackEngines/WindowsStandaloneSupport/UnityEditor.WindowsStandalone.Extensions.dll
Registered in 0.042143 seconds.
Native extension for WindowsStandalone target not found
Refreshing native plugins compatible for Editor in 235.73 ms, found 3 plugins.
Preloading 0 native plugins for Editor in 0.00 ms.
Mono: successfully reloaded assembly
- Completed reload, in  4.070 seconds
Domain Reload Profiling:
	ReloadAssembly (4070ms)
		BeginReloadAssembly (2875ms)
			ExecutionOrderSort (0ms)
			DisableScriptedObjects (0ms)
			BackupInstance (0ms)
			ReleaseScriptingObjects (0ms)
			CreateAndSetChildDomain (1ms)
		EndReloadAssembly (944ms)
			LoadAssemblies (2910ms)
			RebuildTransferFunctionScriptingTraits (0ms)
			SetupTypeCache (196ms)
			ReleaseScriptCaches (0ms)
			RebuildScriptCaches (53ms)
			SetupLoadedEditorAssemblies (579ms)
				LogAssemblyErrors (0ms)
				InitializePlatformSupportModulesInManaged (27ms)
				SetLoadedEditorAssemblies (0ms)
				RefreshPlugins (236ms)
				BeforeProcessingInitializeOnLoad (2ms)
				ProcessInitializeOnLoadAttributes (224ms)
				ProcessInitializeOnLoadMethodAttributes (90ms)
				AfterProcessingInitializeOnLoad (0ms)
				EditorAssembliesLoaded (0ms)
			ExecutionOrderSort2 (0ms)
			AwakeInstancesAfterBackupRestoration (0ms)
Platform modules already initialized, skipping
Registering precompiled user dll's ...
Registered in 0.016638 seconds.
Begin MonoManager ReloadAssembly
Symbol file LoadedFromMemory doesn't match image D:\DraconianoLeporidae-DL\DL-URP\Library\PackageCache\com.unity.visualscripting@1.7.7\Editor\VisualScripting.Core\Dependencies\YamlDotNet\Unity.VisualScripting.YamlDotNet.dll
Symbol file LoadedFromMemory is not a mono symbol file
Symbol file LoadedFromMemory doesn't match image D:\DraconianoLeporidae-DL\DL-URP\Library\PackageCache\com.unity.visualscripting@1.7.7\Editor\VisualScripting.Core\Dependencies\DotNetZip\Unity.VisualScripting.IonicZip.dll
Native extension for WindowsStandalone target not found
Refreshing native plugins compatible for Editor in 264.24 ms, found 3 plugins.
Preloading 0 native plugins for Editor in 0.00 ms.
System.MissingMethodException: Method not found: void UnityEditor.PluginImporter.SetShouldOverridePredicate(System.Predicate`1<string>)
UnityEngine.StackTraceUtility:ExtractStackTrace ()
UnityEngine.DebugLogHandler:LogFormat (UnityEngine.LogType,UnityEngine.Object,string,object[])
UnityEngine.Logger:Log (UnityEngine.LogType,object)
UnityEngine.Debug:LogError (object)
UnityEditor.EditorAssemblies:ProcessInitializeOnLoadAttributes (System.Type[])

Mono: successfully reloaded assembly
- Completed reload, in  7.638 seconds
Domain Reload Profiling:
	ReloadAssembly (7639ms)
		BeginReloadAssembly (186ms)
			ExecutionOrderSort (0ms)
			DisableScriptedObjects (9ms)
			BackupInstance (0ms)
			ReleaseScriptingObjects (0ms)
			CreateAndSetChildDomain (37ms)
		EndReloadAssembly (7261ms)
			LoadAssemblies (2907ms)
			RebuildTransferFunctionScriptingTraits (0ms)
			SetupTypeCache (959ms)
			ReleaseScriptCaches (2ms)
			RebuildScriptCaches (128ms)
			SetupLoadedEditorAssemblies (3186ms)
				LogAssemblyErrors (0ms)
				InitializePlatformSupportModulesInManaged (19ms)
				SetLoadedEditorAssemblies (0ms)
				RefreshPlugins (264ms)
				BeforeProcessingInitializeOnLoad (209ms)
				ProcessInitializeOnLoadAttributes (1949ms)
				ProcessInitializeOnLoadMethodAttributes (739ms)
				AfterProcessingInitializeOnLoad (5ms)
				EditorAssembliesLoaded (0ms)
			ExecutionOrderSort2 (0ms)
			AwakeInstancesAfterBackupRestoration (11ms)
Platform modules already initialized, skipping
========================================================================
Worker process is ready to serve import requests
Launched and connected shader compiler UnityShaderCompiler.exe after 13.57 seconds
Refreshing native plugins compatible for Editor in 1.70 ms, found 3 plugins.
Preloading 0 native plugins for Editor in 0.00 ms.
Unloading 6032 Unused Serialized files (Serialized files now loaded: 0)
Unloading 78 unused Assets / (2.0 MB). Loaded Objects now: 6472.
Memory consumption went from 253.3 MB to 251.3 MB.
Total: 6.220900 ms (FindLiveObjects: 0.651500 ms CreateObjectMapping: 0.609900 ms MarkObjects: 4.126400 ms  DeleteObjects: 0.831700 ms)

AssetImportParameters requested are different than current active one (requested -> active):
  custom:video-decoder-ogg-theora: a1e56fd34408186e4bbccfd4996cb3dc -> 
  custom:container-muxer-webm: aa71ff27fc2769a1b78a27578f13a17b -> 
  custom:container-demuxer-webm: 4f35f7cbe854078d1ac9338744f61a02 -> 
  custom:video-encoder-webm-vp8: eb34c28f22e8b96e1ab97ce403110664 -> 
  custom:audio-encoder-webm-vorbis: bf7c407c2cedff20999df2af8eb42d56 -> 
  custom:framework-win-MediaFoundation: 216162199b28c13a410421893ffa2e32 -> 
  custom:container-demuxer-ogg: 62fdf1f143b41e24485cea50d1cbac27 -> 
  custom:video-decoder-webm-vp8: 9c59270c3fd7afecdb556c50c9e8de78 -> 
  custom:audio-decoder-ogg-vorbis: bf7c407c2cedff20999df2af8eb42d56 -> 
========================================================================
Received Import Request.
  Time since last request: 93308.635693 seconds.
  path: Assets/Prefabs/Player.prefab
  artifactKey: Guid(5acd9360210b64c4c876bb8df0fef958) Importer(815301076,1909f56bfc062723c751e8b465ee728b)
Start importing Assets/Prefabs/Player.prefab using Guid(5acd9360210b64c4c876bb8df0fef958) Importer(815301076,1909f56bfc062723c751e8b465ee728b)  -> (artifact id: '1a88610b6dab0659faaac62f3851bcd7') in 4.916989 seconds 
========================================================================
Received Import Request.
  Time since last request: 0.000035 seconds.
  path: Assets/Prefabs/PlayerFollowCamera.prefab
  artifactKey: Guid(9c489a8547f4d9e4387da15a4ff82c81) Importer(815301076,1909f56bfc062723c751e8b465ee728b)
Start importing Assets/Prefabs/PlayerFollowCamera.prefab using Guid(9c489a8547f4d9e4387da15a4ff82c81) Importer(815301076,1909f56bfc062723c751e8b465ee728b)  -> (artifact id: 'f54a25f5f0498e0a0e56c8f3be757495') in 0.041418 seconds 
========================================================================
Received Import Request.
  Time since last request: 0.000036 seconds.
  path: Assets/Scenes/Player.prefab
  artifactKey: Guid(fc54b0f503f33bc40ae3c3659409d5d7) Importer(815301076,1909f56bfc062723c751e8b465ee728b)
Start importing Assets/Scenes/Player.prefab using Guid(fc54b0f503f33bc40ae3c3659409d5d7) Importer(815301076,1909f56bfc062723c751e8b465ee728b)  -> (artifact id: '43b1679ef47e15bbf7b33e049635fbd5') in 4.844737 seconds 
========================================================================
Received Import Request.
  Time since last request: 0.000156 seconds.
  path: Assets/Prefabs/Ak_47_Arms.prefab
  artifactKey: Guid(3b79c9f83e6921042ae9c4dff44c623f) Importer(815301076,1909f56bfc062723c751e8b465ee728b)
Start importing Assets/Prefabs/Ak_47_Arms.prefab using Guid(3b79c9f83e6921042ae9c4dff44c623f) Importer(815301076,1909f56bfc062723c751e8b465ee728b)  -> (artifact id: '6207417c16922fe15027099c1aaea4df') in 0.045314 seconds 
========================================================================
Received Import Request.
  Time since last request: 0.000041 seconds.
  path: Assets/UniversalRenderPipelineAsset_Renderer.asset
  artifactKey: Guid(30af432614a896042ad03dcb489da2af) Importer(815301076,1909f56bfc062723c751e8b465ee728b)
Start importing Assets/UniversalRenderPipelineAsset_Renderer.asset using Guid(30af432614a896042ad03dcb489da2af) Importer(815301076,1909f56bfc062723c751e8b465ee728b)  -> (artifact id: 'e54d83a19a8055e2a91e715851d712e5') in 0.055585 seconds 
========================================================================
Received Import Request.
  Time since last request: 0.000029 seconds.
  path: Assets/Prefabs/MainCamera.prefab
  artifactKey: Guid(2d3a85ecde41a8246a79669975912b74) Importer(815301076,1909f56bfc062723c751e8b465ee728b)
Start importing Assets/Prefabs/MainCamera.prefab using Guid(2d3a85ecde41a8246a79669975912b74) Importer(815301076,1909f56bfc062723c751e8b465ee728b)  -> (artifact id: '4151f5f5512dc143d2e5601c7a79cc38') in 0.071095 seconds 
========================================================================
Received Import Request.
  Time since last request: 0.000069 seconds.
  path: Assets/UniversalRenderPipelineAsset.asset
  artifactKey: Guid(5f42a7a2d6d8b0c4dacda3110481a4d9) Importer(815301076,1909f56bfc062723c751e8b465ee728b)
Start importing Assets/UniversalRenderPipelineAsset.asset using Guid(5f42a7a2d6d8b0c4dacda3110481a4d9) Importer(815301076,1909f56bfc062723c751e8b465ee728b)  -> (artifact id: 'c726f29e9c2dc5c17e3cb33be78060d7') in 0.037877 seconds 
========================================================================
Received Import Request.
  Time since last request: 0.000088 seconds.
  path: Assets/UniversalRenderPipelineGlobalSettings.asset
  artifactKey: Guid(38b35347542e5af4c9b140950c5b18db) Importer(815301076,1909f56bfc062723c751e8b465ee728b)
Start importing Assets/UniversalRenderPipelineGlobalSettings.asset using Guid(38b35347542e5af4c9b140950c5b18db) Importer(815301076,1909f56bfc062723c751e8b465ee728b)  -> (artifact id: '1051437d89fbe10386742c6c14916d75') in 0.031083 seconds 
========================================================================
Received Import Request.
  Time since last request: 0.000057 seconds.
  path: Assets/Material.mat
  artifactKey: Guid(717891c530d41794fa63b086e0b28ba2) Importer(815301076,1909f56bfc062723c751e8b465ee728b)
Start importing Assets/Material.mat using Guid(717891c530d41794fa63b086e0b28ba2) Importer(815301076,1909f56bfc062723c751e8b465ee728b)  -> (artifact id: 'a5366158458e84ced85414cc9e15b628') in 2.111721 seconds 
