Using pre-set license
Built from '2021.3/staging' branch; Version is '2021.3.1f1 (3b70a0754835) revision 3895456'; Using compiler version '192829333'; Build Type 'Release'
OS: 'Windows 10  (10.0.19044) 64bit Core' Language: 'es' Physical Memory: 16255 MB
BatchMode: 1, IsHumanControllingUs: 0, StartBugReporterOnCrash: 0, Is64bit: 1, IsPro: 1

COMMAND LINE ARGUMENTS:
D:\Unity\2021.3.1f1\Editor\Unity.exe
-adb2
-batchMode
-noUpm
-name
AssetImportWorker0
-projectPath
D:/DraconianoLeporidae-DL/DL-URP
-logFile
Logs/AssetImportWorker0.log
-srvPort
50086
Successfully changed project path to: D:/DraconianoLeporidae-DL/DL-URP
D:/DraconianoLeporidae-DL/DL-URP
[UnityMemory] Configuration Parameters - Can be set up in boot.config
    "memorysetup-bucket-allocator-granularity=16"
    "memorysetup-bucket-allocator-bucket-count=8"
    "memorysetup-bucket-allocator-block-size=33554432"
    "memorysetup-bucket-allocator-block-count=8"
    "memorysetup-main-allocator-block-size=16777216"
    "memorysetup-thread-allocator-block-size=16777216"
    "memorysetup-gfx-main-allocator-block-size=16777216"
    "memorysetup-gfx-thread-allocator-block-size=16777216"
    "memorysetup-cache-allocator-block-size=4194304"
    "memorysetup-typetree-allocator-block-size=2097152"
    "memorysetup-profiler-bucket-allocator-granularity=16"
    "memorysetup-profiler-bucket-allocator-bucket-count=8"
    "memorysetup-profiler-bucket-allocator-block-size=33554432"
    "memorysetup-profiler-bucket-allocator-block-count=8"
    "memorysetup-profiler-allocator-block-size=16777216"
    "memorysetup-profiler-editor-allocator-block-size=1048576"
    "memorysetup-temp-allocator-size-main=16777216"
    "memorysetup-job-temp-allocator-block-size=2097152"
    "memorysetup-job-temp-allocator-block-size-background=1048576"
    "memorysetup-job-temp-allocator-reduction-small-platforms=262144"
    "memorysetup-temp-allocator-size-background-worker=32768"
    "memorysetup-temp-allocator-size-job-worker=262144"
    "memorysetup-temp-allocator-size-preload-manager=33554432"
    "memorysetup-temp-allocator-size-nav-mesh-worker=65536"
    "memorysetup-temp-allocator-size-audio-worker=65536"
    "memorysetup-temp-allocator-size-cloud-worker=32768"
    "memorysetup-temp-allocator-size-gi-baking-worker=262144"
    "memorysetup-temp-allocator-size-gfx=262144"
Refreshing native plugins compatible for Editor in 220.99 ms, found 3 plugins.
Preloading 0 native plugins for Editor in 0.00 ms.
Initialize engine version: 2021.3.1f1 (3b70a0754835)
[Subsystems] Discovering subsystems at path D:/Unity/2021.3.1f1/Editor/Data/Resources/UnitySubsystems
[Subsystems] Discovering subsystems at path D:/DraconianoLeporidae-DL/DL-URP/Assets
GfxDevice: creating device client; threaded=0; jobified=0
Direct3D:
    Version:  Direct3D 11.0 [level 11.1]
    Renderer: NVIDIA GeForce GTX 1070 (ID=0x1ba1)
    Vendor:   NVIDIA
    VRAM:     8081 MB
    Driver:   30.0.15.1179
Initialize mono
Mono path[0] = 'D:/Unity/2021.3.1f1/Editor/Data/Managed'
Mono path[1] = 'D:/Unity/2021.3.1f1/Editor/Data/MonoBleedingEdge/lib/mono/unityjit-win32'
Mono config path = 'D:/Unity/2021.3.1f1/Editor/Data/MonoBleedingEdge/etc'
Using monoOptions --debugger-agent=transport=dt_socket,embedding=1,server=y,suspend=n,address=127.0.0.1:56664
Begin MonoManager ReloadAssembly
Registering precompiled unity dll's ...
Register platform support module: D:/Unity/2021.3.1f1/Editor/Data/PlaybackEngines/WindowsStandaloneSupport/UnityEditor.WindowsStandalone.Extensions.dll
Registered in 0.003805 seconds.
Native extension for WindowsStandalone target not found
Refreshing native plugins compatible for Editor in 197.19 ms, found 3 plugins.
Preloading 0 native plugins for Editor in 0.00 ms.
Mono: successfully reloaded assembly
- Completed reload, in  1.261 seconds
Domain Reload Profiling:
	ReloadAssembly (1262ms)
		BeginReloadAssembly (155ms)
			ExecutionOrderSort (0ms)
			DisableScriptedObjects (0ms)
			BackupInstance (0ms)
			ReleaseScriptingObjects (0ms)
			CreateAndSetChildDomain (1ms)
		EndReloadAssembly (930ms)
			LoadAssemblies (152ms)
			RebuildTransferFunctionScriptingTraits (0ms)
			SetupTypeCache (173ms)
			ReleaseScriptCaches (0ms)
			RebuildScriptCaches (130ms)
			SetupLoadedEditorAssemblies (543ms)
				LogAssemblyErrors (0ms)
				InitializePlatformSupportModulesInManaged (27ms)
				SetLoadedEditorAssemblies (35ms)
				RefreshPlugins (197ms)
				BeforeProcessingInitializeOnLoad (2ms)
				ProcessInitializeOnLoadAttributes (215ms)
				ProcessInitializeOnLoadMethodAttributes (67ms)
				AfterProcessingInitializeOnLoad (0ms)
				EditorAssembliesLoaded (0ms)
			ExecutionOrderSort2 (0ms)
			AwakeInstancesAfterBackupRestoration (0ms)
Platform modules already initialized, skipping
Registering precompiled user dll's ...
Registered in 0.013278 seconds.
Begin MonoManager ReloadAssembly
Native extension for WindowsStandalone target not found
Refreshing native plugins compatible for Editor in 192.82 ms, found 3 plugins.
Preloading 0 native plugins for Editor in 0.00 ms.
System.MissingMethodException: Method not found: void UnityEditor.PluginImporter.SetShouldOverridePredicate(System.Predicate`1<string>)
UnityEngine.StackTraceUtility:ExtractStackTrace ()
UnityEngine.DebugLogHandler:LogFormat (UnityEngine.LogType,UnityEngine.Object,string,object[])
UnityEngine.Logger:Log (UnityEngine.LogType,object)
UnityEngine.Debug:LogError (object)
UnityEditor.EditorAssemblies:ProcessInitializeOnLoadAttributes (System.Type[])

Mono: successfully reloaded assembly
- Completed reload, in  2.383 seconds
Domain Reload Profiling:
	ReloadAssembly (2384ms)
		BeginReloadAssembly (253ms)
			ExecutionOrderSort (0ms)
			DisableScriptedObjects (8ms)
			BackupInstance (0ms)
			ReleaseScriptingObjects (0ms)
			CreateAndSetChildDomain (28ms)
		EndReloadAssembly (1981ms)
			LoadAssemblies (251ms)
			RebuildTransferFunctionScriptingTraits (0ms)
			SetupTypeCache (519ms)
			ReleaseScriptCaches (2ms)
			RebuildScriptCaches (130ms)
			SetupLoadedEditorAssemblies (1096ms)
				LogAssemblyErrors (0ms)
				InitializePlatformSupportModulesInManaged (19ms)
				SetLoadedEditorAssemblies (0ms)
				RefreshPlugins (193ms)
				BeforeProcessingInitializeOnLoad (223ms)
				ProcessInitializeOnLoadAttributes (528ms)
				ProcessInitializeOnLoadMethodAttributes (129ms)
				AfterProcessingInitializeOnLoad (4ms)
				EditorAssembliesLoaded (0ms)
			ExecutionOrderSort2 (0ms)
			AwakeInstancesAfterBackupRestoration (8ms)
Platform modules already initialized, skipping
========================================================================
Worker process is ready to serve import requests
Launched and connected shader compiler UnityShaderCompiler.exe after 0.23 seconds
Refreshing native plugins compatible for Editor in 1.67 ms, found 3 plugins.
Preloading 0 native plugins for Editor in 0.00 ms.
Unloading 6048 Unused Serialized files (Serialized files now loaded: 0)
Unloading 78 unused Assets / (2.0 MB). Loaded Objects now: 6489.
Memory consumption went from 256.1 MB to 254.1 MB.
Total: 6.235400 ms (FindLiveObjects: 0.605300 ms CreateObjectMapping: 0.593600 ms MarkObjects: 4.357300 ms  DeleteObjects: 0.678000 ms)

AssetImportParameters requested are different than current active one (requested -> active):
  custom:video-decoder-ogg-theora: a1e56fd34408186e4bbccfd4996cb3dc -> 
  custom:container-muxer-webm: aa71ff27fc2769a1b78a27578f13a17b -> 
  custom:container-demuxer-webm: 4f35f7cbe854078d1ac9338744f61a02 -> 
  custom:video-encoder-webm-vp8: eb34c28f22e8b96e1ab97ce403110664 -> 
  custom:audio-encoder-webm-vorbis: bf7c407c2cedff20999df2af8eb42d56 -> 
  custom:framework-win-MediaFoundation: 216162199b28c13a410421893ffa2e32 -> 
  custom:container-demuxer-ogg: 62fdf1f143b41e24485cea50d1cbac27 -> 
  custom:video-decoder-webm-vp8: 9c59270c3fd7afecdb556c50c9e8de78 -> 
  custom:audio-decoder-ogg-vorbis: bf7c407c2cedff20999df2af8eb42d56 -> 
========================================================================
Received Import Request.
  Time since last request: 92504.203206 seconds.
  path: Assets/Scripts/Scriptable/Data/Pistol/Ppk.asset
  artifactKey: Guid(a1db76d2d37d68742aca7ff987bcb52d) Importer(815301076,1909f56bfc062723c751e8b465ee728b)
Start importing Assets/Scripts/Scriptable/Data/Pistol/Ppk.asset using Guid(a1db76d2d37d68742aca7ff987bcb52d) Importer(815301076,1909f56bfc062723c751e8b465ee728b)  -> (artifact id: 'e8e242ba508c5107f8274e3445834f34') in 0.092709 seconds 
========================================================================
Received Import Request.
  Time since last request: 0.000025 seconds.
  path: Assets/Prefabs/PickUps/PPK-PickUp.prefab
  artifactKey: Guid(46681bc2f4902674b91ea530c77277ab) Importer(815301076,1909f56bfc062723c751e8b465ee728b)
Start importing Assets/Prefabs/PickUps/PPK-PickUp.prefab using Guid(46681bc2f4902674b91ea530c77277ab) Importer(815301076,1909f56bfc062723c751e8b465ee728b)  -> (artifact id: 'efcb41c23ad733183a8cbb092dc24b5e') in 0.712148 seconds 
========================================================================
Received Import Request.
  Time since last request: 0.000037 seconds.
  path: Assets/2D/PPK-Animation/ppk-reload-spriteSheet.png
  artifactKey: Guid(f18d865abcd063e46b5fafcc9fe03a6c) Importer(815301076,1909f56bfc062723c751e8b465ee728b)
Start importing Assets/2D/PPK-Animation/ppk-reload-spriteSheet.png using Guid(f18d865abcd063e46b5fafcc9fe03a6c) Importer(815301076,1909f56bfc062723c751e8b465ee728b)  -> (artifact id: '0d98889fe91e5f8c850741f86943d0cc') in 0.343434 seconds 
========================================================================
Received Import Request.
  Time since last request: 0.000070 seconds.
  path: Assets/2D/PPK-Animation/ppk-shoot-spriteSheet.png
  artifactKey: Guid(ac0f7ed1d798bf04f89202502815852b) Importer(815301076,1909f56bfc062723c751e8b465ee728b)
Start importing Assets/2D/PPK-Animation/ppk-shoot-spriteSheet.png using Guid(ac0f7ed1d798bf04f89202502815852b) Importer(815301076,1909f56bfc062723c751e8b465ee728b)  -> (artifact id: '5979682bdec711cc74e38784de9e3612') in 0.320198 seconds 
========================================================================
Received Prepare
Registering precompiled user dll's ...
Registered in 0.018125 seconds.
Begin MonoManager ReloadAssembly
Native extension for WindowsStandalone target not found
Refreshing native plugins compatible for Editor in 1.34 ms, found 3 plugins.
Preloading 0 native plugins for Editor in 0.00 ms.
System.MissingMethodException: Method not found: void UnityEditor.PluginImporter.SetShouldOverridePredicate(System.Predicate`1<string>)
UnityEngine.StackTraceUtility:ExtractStackTrace ()
UnityEngine.DebugLogHandler:LogFormat (UnityEngine.LogType,UnityEngine.Object,string,object[])
UnityEngine.Logger:Log (UnityEngine.LogType,object)
UnityEngine.Debug:LogError (object)
UnityEditor.EditorAssemblies:ProcessInitializeOnLoadAttributes (System.Type[])

Mono: successfully reloaded assembly
- Completed reload, in  2.298 seconds
Domain Reload Profiling:
	ReloadAssembly (2299ms)
		BeginReloadAssembly (293ms)
			ExecutionOrderSort (0ms)
			DisableScriptedObjects (17ms)
			BackupInstance (0ms)
			ReleaseScriptingObjects (0ms)
			CreateAndSetChildDomain (107ms)
		EndReloadAssembly (1756ms)
			LoadAssemblies (198ms)
			RebuildTransferFunctionScriptingTraits (0ms)
			SetupTypeCache (505ms)
			ReleaseScriptCaches (4ms)
			RebuildScriptCaches (82ms)
			SetupLoadedEditorAssemblies (856ms)
				LogAssemblyErrors (0ms)
				InitializePlatformSupportModulesInManaged (16ms)
				SetLoadedEditorAssemblies (1ms)
				RefreshPlugins (1ms)
				BeforeProcessingInitializeOnLoad (146ms)
				ProcessInitializeOnLoadAttributes (539ms)
				ProcessInitializeOnLoadMethodAttributes (145ms)
				AfterProcessingInitializeOnLoad (6ms)
				EditorAssembliesLoaded (0ms)
			ExecutionOrderSort2 (0ms)
			AwakeInstancesAfterBackupRestoration (37ms)
Platform modules already initialized, skipping
Refreshing native plugins compatible for Editor in 7.03 ms, found 3 plugins.
Preloading 0 native plugins for Editor in 0.00 ms.
Unloading 5853 Unused Serialized files (Serialized files now loaded: 0)
Unloading 53 unused Assets / (2.0 MB). Loaded Objects now: 6601.
Memory consumption went from 251.1 MB to 249.1 MB.
Total: 5.383700 ms (FindLiveObjects: 0.544900 ms CreateObjectMapping: 0.477600 ms MarkObjects: 3.758700 ms  DeleteObjects: 0.601500 ms)

AssetImportParameters requested are different than current active one (requested -> active):
  custom:video-decoder-ogg-theora: a1e56fd34408186e4bbccfd4996cb3dc -> 
  custom:container-muxer-webm: aa71ff27fc2769a1b78a27578f13a17b -> 
  custom:container-demuxer-webm: 4f35f7cbe854078d1ac9338744f61a02 -> 
  custom:video-encoder-webm-vp8: eb34c28f22e8b96e1ab97ce403110664 -> 
  custom:audio-encoder-webm-vorbis: bf7c407c2cedff20999df2af8eb42d56 -> 
  custom:framework-win-MediaFoundation: 216162199b28c13a410421893ffa2e32 -> 
  custom:container-demuxer-ogg: 62fdf1f143b41e24485cea50d1cbac27 -> 
  custom:video-decoder-webm-vp8: 9c59270c3fd7afecdb556c50c9e8de78 -> 
  custom:audio-decoder-ogg-vorbis: bf7c407c2cedff20999df2af8eb42d56 -> 
========================================================================
Received Import Request.
  Time since last request: 192.545781 seconds.
  path: Assets/Prefabs/PickUps/PPK-PickUp.prefab
  artifactKey: Guid(46681bc2f4902674b91ea530c77277ab) Importer(815301076,1909f56bfc062723c751e8b465ee728b)
Start importing Assets/Prefabs/PickUps/PPK-PickUp.prefab using Guid(46681bc2f4902674b91ea530c77277ab) Importer(815301076,1909f56bfc062723c751e8b465ee728b)  -> (artifact id: 'bc43e853ca458dd684d468c01e9721f4') in 0.517081 seconds 
========================================================================
Received Prepare
Registering precompiled user dll's ...
Registered in 0.013540 seconds.
Begin MonoManager ReloadAssembly
Native extension for WindowsStandalone target not found
Refreshing native plugins compatible for Editor in 1.55 ms, found 3 plugins.
Preloading 0 native plugins for Editor in 0.00 ms.
System.MissingMethodException: Method not found: void UnityEditor.PluginImporter.SetShouldOverridePredicate(System.Predicate`1<string>)
UnityEngine.StackTraceUtility:ExtractStackTrace ()
UnityEngine.DebugLogHandler:LogFormat (UnityEngine.LogType,UnityEngine.Object,string,object[])
UnityEngine.Logger:Log (UnityEngine.LogType,object)
UnityEngine.Debug:LogError (object)
UnityEditor.EditorAssemblies:ProcessInitializeOnLoadAttributes (System.Type[])

Mono: successfully reloaded assembly
- Completed reload, in  2.054 seconds
Domain Reload Profiling:
	ReloadAssembly (2055ms)
		BeginReloadAssembly (218ms)
			ExecutionOrderSort (0ms)
			DisableScriptedObjects (17ms)
			BackupInstance (0ms)
			ReleaseScriptingObjects (0ms)
			CreateAndSetChildDomain (75ms)
		EndReloadAssembly (1677ms)
			LoadAssemblies (202ms)
			RebuildTransferFunctionScriptingTraits (0ms)
			SetupTypeCache (497ms)
			ReleaseScriptCaches (2ms)
			RebuildScriptCaches (80ms)
			SetupLoadedEditorAssemblies (749ms)
				LogAssemblyErrors (0ms)
				InitializePlatformSupportModulesInManaged (17ms)
				SetLoadedEditorAssemblies (1ms)
				RefreshPlugins (2ms)
				BeforeProcessingInitializeOnLoad (129ms)
				ProcessInitializeOnLoadAttributes (468ms)
				ProcessInitializeOnLoadMethodAttributes (127ms)
				AfterProcessingInitializeOnLoad (4ms)
				EditorAssembliesLoaded (0ms)
			ExecutionOrderSort2 (0ms)
			AwakeInstancesAfterBackupRestoration (39ms)
Platform modules already initialized, skipping
Refreshing native plugins compatible for Editor in 4.17 ms, found 3 plugins.
Preloading 0 native plugins for Editor in 0.00 ms.
Unloading 5853 Unused Serialized files (Serialized files now loaded: 0)
Unloading 53 unused Assets / (2.0 MB). Loaded Objects now: 6657.
Memory consumption went from 251.2 MB to 249.2 MB.
Total: 7.289600 ms (FindLiveObjects: 1.110600 ms CreateObjectMapping: 1.135500 ms MarkObjects: 4.042700 ms  DeleteObjects: 0.999000 ms)

AssetImportParameters requested are different than current active one (requested -> active):
  custom:video-decoder-ogg-theora: a1e56fd34408186e4bbccfd4996cb3dc -> 
  custom:container-muxer-webm: aa71ff27fc2769a1b78a27578f13a17b -> 
  custom:container-demuxer-webm: 4f35f7cbe854078d1ac9338744f61a02 -> 
  custom:video-encoder-webm-vp8: eb34c28f22e8b96e1ab97ce403110664 -> 
  custom:audio-encoder-webm-vorbis: bf7c407c2cedff20999df2af8eb42d56 -> 
  custom:framework-win-MediaFoundation: 216162199b28c13a410421893ffa2e32 -> 
  custom:container-demuxer-ogg: 62fdf1f143b41e24485cea50d1cbac27 -> 
  custom:video-decoder-webm-vp8: 9c59270c3fd7afecdb556c50c9e8de78 -> 
  custom:audio-decoder-ogg-vorbis: bf7c407c2cedff20999df2af8eb42d56 -> 
========================================================================
Received Import Request.
  Time since last request: 58.956986 seconds.
  path: Assets/Scripts/Weapon/CPPK.cs
  artifactKey: Guid(72a27c1347cd3a74f9847c6efdde931d) Importer(815301076,1909f56bfc062723c751e8b465ee728b)
Start importing Assets/Scripts/Weapon/CPPK.cs using Guid(72a27c1347cd3a74f9847c6efdde931d) Importer(815301076,1909f56bfc062723c751e8b465ee728b)  -> (artifact id: 'b40410f8ef50a6fc1c7320c9ba182867') in 0.018639 seconds 
========================================================================
Received Import Request.
  Time since last request: 0.000032 seconds.
  path: Assets/Prefabs/Weapons/ppk.prefab
  artifactKey: Guid(6677f518e7b29a74599e1bb55fad5cec) Importer(815301076,1909f56bfc062723c751e8b465ee728b)
Start importing Assets/Prefabs/Weapons/ppk.prefab using Guid(6677f518e7b29a74599e1bb55fad5cec) Importer(815301076,1909f56bfc062723c751e8b465ee728b)  -> (artifact id: 'e94deff6fab4c50e76193644a74e4905') in 0.413322 seconds 
========================================================================
Received Import Request.
  Time since last request: 2.808449 seconds.
  path: Assets/Scripts/Manager/CManagerEnemy.cs
  artifactKey: Guid(108876b9f09179848914aa3e7e6624e8) Importer(815301076,1909f56bfc062723c751e8b465ee728b)
Start importing Assets/Scripts/Manager/CManagerEnemy.cs using Guid(108876b9f09179848914aa3e7e6624e8) Importer(815301076,1909f56bfc062723c751e8b465ee728b)  -> (artifact id: 'ae50dac23ecf1efd819b58eef34462d1') in 0.012414 seconds 
========================================================================
Received Import Request.
  Time since last request: 0.740274 seconds.
  path: Assets/Scripts/Manager/CManagerPickUp.cs
  artifactKey: Guid(4af4769b7498ca74aa34f9643de2152e) Importer(815301076,1909f56bfc062723c751e8b465ee728b)
Start importing Assets/Scripts/Manager/CManagerPickUp.cs using Guid(4af4769b7498ca74aa34f9643de2152e) Importer(815301076,1909f56bfc062723c751e8b465ee728b)  -> (artifact id: 'de58444299b0e430798c7dc8900f48ac') in 0.011989 seconds 
========================================================================
Received Import Request.
  Time since last request: 3.597128 seconds.
  path: Assets/Scripts/Manager/CManagerPlayer.cs
  artifactKey: Guid(7111bdf0a7db65244ab2e0ffde73bc7d) Importer(815301076,1909f56bfc062723c751e8b465ee728b)
Start importing Assets/Scripts/Manager/CManagerPlayer.cs using Guid(7111bdf0a7db65244ab2e0ffde73bc7d) Importer(815301076,1909f56bfc062723c751e8b465ee728b)  -> (artifact id: '6355c41db17b3bdefaa50e6b31eb755e') in 0.008676 seconds 
========================================================================
Received Import Request.
  Time since last request: 0.870791 seconds.
  path: Assets/Scripts/Manager/CManagerRayCast.cs
  artifactKey: Guid(6876f13c8f4620747b136dd0bf828264) Importer(815301076,1909f56bfc062723c751e8b465ee728b)
Start importing Assets/Scripts/Manager/CManagerRayCast.cs using Guid(6876f13c8f4620747b136dd0bf828264) Importer(815301076,1909f56bfc062723c751e8b465ee728b)  -> (artifact id: '9112532cc5414f87232d71691f77cf8d') in 0.009491 seconds 
========================================================================
Received Import Request.
  Time since last request: 0.440540 seconds.
  path: Assets/Scripts/Manager/CManagerWeapon.cs
  artifactKey: Guid(91e62f8563f26b640a43abbec44a35ed) Importer(815301076,1909f56bfc062723c751e8b465ee728b)
Start importing Assets/Scripts/Manager/CManagerWeapon.cs using Guid(91e62f8563f26b640a43abbec44a35ed) Importer(815301076,1909f56bfc062723c751e8b465ee728b)  -> (artifact id: '0de994f77e1ca065687d3cc04827232d') in 0.006831 seconds 
========================================================================
Received Prepare
Registering precompiled user dll's ...
Registered in 0.012504 seconds.
Begin MonoManager ReloadAssembly
Native extension for WindowsStandalone target not found
Refreshing native plugins compatible for Editor in 1.26 ms, found 3 plugins.
Preloading 0 native plugins for Editor in 0.00 ms.
System.MissingMethodException: Method not found: void UnityEditor.PluginImporter.SetShouldOverridePredicate(System.Predicate`1<string>)
UnityEngine.StackTraceUtility:ExtractStackTrace ()
UnityEngine.DebugLogHandler:LogFormat (UnityEngine.LogType,UnityEngine.Object,string,object[])
UnityEngine.Logger:Log (UnityEngine.LogType,object)
UnityEngine.Debug:LogError (object)
UnityEditor.EditorAssemblies:ProcessInitializeOnLoadAttributes (System.Type[])

Mono: successfully reloaded assembly
- Completed reload, in  1.961 seconds
Domain Reload Profiling:
	ReloadAssembly (1963ms)
		BeginReloadAssembly (201ms)
			ExecutionOrderSort (0ms)
			DisableScriptedObjects (11ms)
			BackupInstance (0ms)
			ReleaseScriptingObjects (0ms)
			CreateAndSetChildDomain (69ms)
		EndReloadAssembly (1620ms)
			LoadAssemblies (156ms)
			RebuildTransferFunctionScriptingTraits (0ms)
			SetupTypeCache (488ms)
			ReleaseScriptCaches (3ms)
			RebuildScriptCaches (85ms)
			SetupLoadedEditorAssemblies (754ms)
				LogAssemblyErrors (0ms)
				InitializePlatformSupportModulesInManaged (16ms)
				SetLoadedEditorAssemblies (2ms)
				RefreshPlugins (1ms)
				BeforeProcessingInitializeOnLoad (127ms)
				ProcessInitializeOnLoadAttributes (488ms)
				ProcessInitializeOnLoadMethodAttributes (115ms)
				AfterProcessingInitializeOnLoad (4ms)
				EditorAssembliesLoaded (0ms)
			ExecutionOrderSort2 (0ms)
			AwakeInstancesAfterBackupRestoration (40ms)
Platform modules already initialized, skipping
Refreshing native plugins compatible for Editor in 4.39 ms, found 3 plugins.
Preloading 0 native plugins for Editor in 0.00 ms.
Unloading 5853 Unused Serialized files (Serialized files now loaded: 0)
Unloading 53 unused Assets / (2.0 MB). Loaded Objects now: 6713.
Memory consumption went from 251.2 MB to 249.2 MB.
Total: 9.265500 ms (FindLiveObjects: 0.837300 ms CreateObjectMapping: 0.769800 ms MarkObjects: 6.624800 ms  DeleteObjects: 1.032000 ms)

AssetImportParameters requested are different than current active one (requested -> active):
  custom:video-decoder-ogg-theora: a1e56fd34408186e4bbccfd4996cb3dc -> 
  custom:container-muxer-webm: aa71ff27fc2769a1b78a27578f13a17b -> 
  custom:container-demuxer-webm: 4f35f7cbe854078d1ac9338744f61a02 -> 
  custom:video-encoder-webm-vp8: eb34c28f22e8b96e1ab97ce403110664 -> 
  custom:audio-encoder-webm-vorbis: bf7c407c2cedff20999df2af8eb42d56 -> 
  custom:framework-win-MediaFoundation: 216162199b28c13a410421893ffa2e32 -> 
  custom:container-demuxer-ogg: 62fdf1f143b41e24485cea50d1cbac27 -> 
  custom:video-decoder-webm-vp8: 9c59270c3fd7afecdb556c50c9e8de78 -> 
  custom:audio-decoder-ogg-vorbis: bf7c407c2cedff20999df2af8eb42d56 -> 
========================================================================
Received Import Request.
  Time since last request: 114.953151 seconds.
  path: Assets/Scripts/Manager/CManagerWeapon.cs
  artifactKey: Guid(91e62f8563f26b640a43abbec44a35ed) Importer(815301076,1909f56bfc062723c751e8b465ee728b)
Start importing Assets/Scripts/Manager/CManagerWeapon.cs using Guid(91e62f8563f26b640a43abbec44a35ed) Importer(815301076,1909f56bfc062723c751e8b465ee728b)  -> (artifact id: '3bf430408a81b36dbe56f92fb8675041') in 0.016931 seconds 
========================================================================
Received Import Request.
  Time since last request: 8.207038 seconds.
  path: Assets/Scripts/Player
  artifactKey: Guid(9a37d4c1cc419744faf165e66b3621dd) Importer(815301076,1909f56bfc062723c751e8b465ee728b)
Start importing Assets/Scripts/Player using Guid(9a37d4c1cc419744faf165e66b3621dd) Importer(815301076,1909f56bfc062723c751e8b465ee728b)  -> (artifact id: '48a008dcd525230b2326c7f2f9c2f104') in 0.011479 seconds 
========================================================================
Received Prepare
Registering precompiled user dll's ...
Registered in 0.012630 seconds.
Begin MonoManager ReloadAssembly
Native extension for WindowsStandalone target not found
Refreshing native plugins compatible for Editor in 4.80 ms, found 3 plugins.
Preloading 0 native plugins for Editor in 0.00 ms.
System.MissingMethodException: Method not found: void UnityEditor.PluginImporter.SetShouldOverridePredicate(System.Predicate`1<string>)
UnityEngine.StackTraceUtility:ExtractStackTrace ()
UnityEngine.DebugLogHandler:LogFormat (UnityEngine.LogType,UnityEngine.Object,string,object[])
UnityEngine.Logger:Log (UnityEngine.LogType,object)
UnityEngine.Debug:LogError (object)
UnityEditor.EditorAssemblies:ProcessInitializeOnLoadAttributes (System.Type[])

Mono: successfully reloaded assembly
- Completed reload, in  2.843 seconds
Domain Reload Profiling:
	ReloadAssembly (2845ms)
		BeginReloadAssembly (237ms)
			ExecutionOrderSort (0ms)
			DisableScriptedObjects (8ms)
			BackupInstance (0ms)
			ReleaseScriptingObjects (0ms)
			CreateAndSetChildDomain (79ms)
		EndReloadAssembly (2385ms)
			LoadAssemblies (198ms)
			RebuildTransferFunctionScriptingTraits (0ms)
			SetupTypeCache (722ms)
			ReleaseScriptCaches (3ms)
			RebuildScriptCaches (114ms)
			SetupLoadedEditorAssemblies (1126ms)
				LogAssemblyErrors (0ms)
				InitializePlatformSupportModulesInManaged (27ms)
				SetLoadedEditorAssemblies (2ms)
				RefreshPlugins (5ms)
				BeforeProcessingInitializeOnLoad (214ms)
				ProcessInitializeOnLoadAttributes (685ms)
				ProcessInitializeOnLoadMethodAttributes (186ms)
				AfterProcessingInitializeOnLoad (6ms)
				EditorAssembliesLoaded (0ms)
			ExecutionOrderSort2 (0ms)
			AwakeInstancesAfterBackupRestoration (47ms)
Platform modules already initialized, skipping
Refreshing native plugins compatible for Editor in 8.95 ms, found 3 plugins.
Preloading 0 native plugins for Editor in 0.00 ms.
Unloading 5854 Unused Serialized files (Serialized files now loaded: 0)
Unloading 53 unused Assets / (2.0 MB). Loaded Objects now: 6728.
Memory consumption went from 251.3 MB to 249.3 MB.
Total: 10.529600 ms (FindLiveObjects: 1.917100 ms CreateObjectMapping: 1.376100 ms MarkObjects: 5.788400 ms  DeleteObjects: 1.446000 ms)

AssetImportParameters requested are different than current active one (requested -> active):
  custom:video-decoder-ogg-theora: a1e56fd34408186e4bbccfd4996cb3dc -> 
  custom:container-muxer-webm: aa71ff27fc2769a1b78a27578f13a17b -> 
  custom:container-demuxer-webm: 4f35f7cbe854078d1ac9338744f61a02 -> 
  custom:video-encoder-webm-vp8: eb34c28f22e8b96e1ab97ce403110664 -> 
  custom:audio-encoder-webm-vorbis: bf7c407c2cedff20999df2af8eb42d56 -> 
  custom:framework-win-MediaFoundation: 216162199b28c13a410421893ffa2e32 -> 
  custom:container-demuxer-ogg: 62fdf1f143b41e24485cea50d1cbac27 -> 
  custom:video-decoder-webm-vp8: 9c59270c3fd7afecdb556c50c9e8de78 -> 
  custom:audio-decoder-ogg-vorbis: bf7c407c2cedff20999df2af8eb42d56 -> 
========================================================================
Received Import Request.
  Time since last request: 39.135970 seconds.
  path: Assets/Prefabs/Player.prefab
  artifactKey: Guid(5acd9360210b64c4c876bb8df0fef958) Importer(815301076,1909f56bfc062723c751e8b465ee728b)
Start importing Assets/Prefabs/Player.prefab using Guid(5acd9360210b64c4c876bb8df0fef958) Importer(815301076,1909f56bfc062723c751e8b465ee728b)  -> (artifact id: '8610874e489d657bd61c2cd7d40b7158') in 0.298831 seconds 
========================================================================
Received Prepare
Registering precompiled user dll's ...
Registered in 0.011765 seconds.
Begin MonoManager ReloadAssembly
Native extension for WindowsStandalone target not found
Refreshing native plugins compatible for Editor in 1.83 ms, found 3 plugins.
Preloading 0 native plugins for Editor in 0.00 ms.
System.MissingMethodException: Method not found: void UnityEditor.PluginImporter.SetShouldOverridePredicate(System.Predicate`1<string>)
UnityEngine.StackTraceUtility:ExtractStackTrace ()
UnityEngine.DebugLogHandler:LogFormat (UnityEngine.LogType,UnityEngine.Object,string,object[])
UnityEngine.Logger:Log (UnityEngine.LogType,object)
UnityEngine.Debug:LogError (object)
UnityEditor.EditorAssemblies:ProcessInitializeOnLoadAttributes (System.Type[])

Mono: successfully reloaded assembly
- Completed reload, in  2.592 seconds
Domain Reload Profiling:
	ReloadAssembly (2594ms)
		BeginReloadAssembly (226ms)
			ExecutionOrderSort (0ms)
			DisableScriptedObjects (15ms)
			BackupInstance (0ms)
			ReleaseScriptingObjects (0ms)
			CreateAndSetChildDomain (74ms)
		EndReloadAssembly (2195ms)
			LoadAssemblies (164ms)
			RebuildTransferFunctionScriptingTraits (0ms)
			SetupTypeCache (629ms)
			ReleaseScriptCaches (6ms)
			RebuildScriptCaches (117ms)
			SetupLoadedEditorAssemblies (1050ms)
				LogAssemblyErrors (0ms)
				InitializePlatformSupportModulesInManaged (24ms)
				SetLoadedEditorAssemblies (1ms)
				RefreshPlugins (2ms)
				BeforeProcessingInitializeOnLoad (167ms)
				ProcessInitializeOnLoadAttributes (672ms)
				ProcessInitializeOnLoadMethodAttributes (178ms)
				AfterProcessingInitializeOnLoad (5ms)
				EditorAssembliesLoaded (0ms)
			ExecutionOrderSort2 (0ms)
			AwakeInstancesAfterBackupRestoration (48ms)
Platform modules already initialized, skipping
Refreshing native plugins compatible for Editor in 8.44 ms, found 3 plugins.
Preloading 0 native plugins for Editor in 0.00 ms.
Unloading 5853 Unused Serialized files (Serialized files now loaded: 0)
Unloading 53 unused Assets / (2.0 MB). Loaded Objects now: 6785.
Memory consumption went from 251.3 MB to 249.3 MB.
Total: 11.458000 ms (FindLiveObjects: 1.140400 ms CreateObjectMapping: 1.374700 ms MarkObjects: 7.917000 ms  DeleteObjects: 1.022800 ms)

AssetImportParameters requested are different than current active one (requested -> active):
  custom:video-decoder-ogg-theora: a1e56fd34408186e4bbccfd4996cb3dc -> 
  custom:container-muxer-webm: aa71ff27fc2769a1b78a27578f13a17b -> 
  custom:container-demuxer-webm: 4f35f7cbe854078d1ac9338744f61a02 -> 
  custom:video-encoder-webm-vp8: eb34c28f22e8b96e1ab97ce403110664 -> 
  custom:audio-encoder-webm-vorbis: bf7c407c2cedff20999df2af8eb42d56 -> 
  custom:framework-win-MediaFoundation: 216162199b28c13a410421893ffa2e32 -> 
  custom:container-demuxer-ogg: 62fdf1f143b41e24485cea50d1cbac27 -> 
  custom:video-decoder-webm-vp8: 9c59270c3fd7afecdb556c50c9e8de78 -> 
  custom:audio-decoder-ogg-vorbis: bf7c407c2cedff20999df2af8eb42d56 -> 
========================================================================
Received Prepare
Registering precompiled user dll's ...
Registered in 0.015862 seconds.
Begin MonoManager ReloadAssembly
Native extension for WindowsStandalone target not found
Refreshing native plugins compatible for Editor in 4.29 ms, found 3 plugins.
Preloading 0 native plugins for Editor in 0.00 ms.
System.MissingMethodException: Method not found: void UnityEditor.PluginImporter.SetShouldOverridePredicate(System.Predicate`1<string>)
UnityEngine.StackTraceUtility:ExtractStackTrace ()
UnityEngine.DebugLogHandler:LogFormat (UnityEngine.LogType,UnityEngine.Object,string,object[])
UnityEngine.Logger:Log (UnityEngine.LogType,object)
UnityEngine.Debug:LogError (object)
UnityEditor.EditorAssemblies:ProcessInitializeOnLoadAttributes (System.Type[])

Mono: successfully reloaded assembly
- Completed reload, in  2.671 seconds
Domain Reload Profiling:
	ReloadAssembly (2672ms)
		BeginReloadAssembly (203ms)
			ExecutionOrderSort (0ms)
			DisableScriptedObjects (12ms)
			BackupInstance (0ms)
			ReleaseScriptingObjects (0ms)
			CreateAndSetChildDomain (64ms)
		EndReloadAssembly (2285ms)
			LoadAssemblies (149ms)
			RebuildTransferFunctionScriptingTraits (0ms)
			SetupTypeCache (646ms)
			ReleaseScriptCaches (6ms)
			RebuildScriptCaches (127ms)
			SetupLoadedEditorAssemblies (1105ms)
				LogAssemblyErrors (0ms)
				InitializePlatformSupportModulesInManaged (24ms)
				SetLoadedEditorAssemblies (1ms)
				RefreshPlugins (4ms)
				BeforeProcessingInitializeOnLoad (187ms)
				ProcessInitializeOnLoadAttributes (697ms)
				ProcessInitializeOnLoadMethodAttributes (185ms)
				AfterProcessingInitializeOnLoad (5ms)
				EditorAssembliesLoaded (0ms)
			ExecutionOrderSort2 (0ms)
			AwakeInstancesAfterBackupRestoration (47ms)
Platform modules already initialized, skipping
Refreshing native plugins compatible for Editor in 15.02 ms, found 3 plugins.
Preloading 0 native plugins for Editor in 0.00 ms.
Unloading 5854 Unused Serialized files (Serialized files now loaded: 0)
Unloading 53 unused Assets / (2.0 MB). Loaded Objects now: 6800.
Memory consumption went from 251.4 MB to 249.4 MB.
Total: 11.757100 ms (FindLiveObjects: 0.737300 ms CreateObjectMapping: 0.945500 ms MarkObjects: 8.959100 ms  DeleteObjects: 1.113700 ms)

AssetImportParameters requested are different than current active one (requested -> active):
  custom:video-decoder-ogg-theora: a1e56fd34408186e4bbccfd4996cb3dc -> 
  custom:container-muxer-webm: aa71ff27fc2769a1b78a27578f13a17b -> 
  custom:container-demuxer-webm: 4f35f7cbe854078d1ac9338744f61a02 -> 
  custom:video-encoder-webm-vp8: eb34c28f22e8b96e1ab97ce403110664 -> 
  custom:audio-encoder-webm-vorbis: bf7c407c2cedff20999df2af8eb42d56 -> 
  custom:framework-win-MediaFoundation: 216162199b28c13a410421893ffa2e32 -> 
  custom:container-demuxer-ogg: 62fdf1f143b41e24485cea50d1cbac27 -> 
  custom:video-decoder-webm-vp8: 9c59270c3fd7afecdb556c50c9e8de78 -> 
  custom:audio-decoder-ogg-vorbis: bf7c407c2cedff20999df2af8eb42d56 -> 
========================================================================
Received Prepare
Registering precompiled user dll's ...
Registered in 0.012048 seconds.
Begin MonoManager ReloadAssembly
Native extension for WindowsStandalone target not found
Refreshing native plugins compatible for Editor in 2.28 ms, found 3 plugins.
Preloading 0 native plugins for Editor in 0.00 ms.
System.MissingMethodException: Method not found: void UnityEditor.PluginImporter.SetShouldOverridePredicate(System.Predicate`1<string>)
UnityEngine.StackTraceUtility:ExtractStackTrace ()
UnityEngine.DebugLogHandler:LogFormat (UnityEngine.LogType,UnityEngine.Object,string,object[])
UnityEngine.Logger:Log (UnityEngine.LogType,object)
UnityEngine.Debug:LogError (object)
UnityEditor.EditorAssemblies:ProcessInitializeOnLoadAttributes (System.Type[])

Mono: successfully reloaded assembly
- Completed reload, in  2.936 seconds
Domain Reload Profiling:
	ReloadAssembly (2937ms)
		BeginReloadAssembly (293ms)
			ExecutionOrderSort (0ms)
			DisableScriptedObjects (10ms)
			BackupInstance (0ms)
			ReleaseScriptingObjects (0ms)
			CreateAndSetChildDomain (98ms)
		EndReloadAssembly (2447ms)
			LoadAssemblies (256ms)
			RebuildTransferFunctionScriptingTraits (0ms)
			SetupTypeCache (632ms)
			ReleaseScriptCaches (2ms)
			RebuildScriptCaches (93ms)
			SetupLoadedEditorAssemblies (1297ms)
				LogAssemblyErrors (0ms)
				InitializePlatformSupportModulesInManaged (32ms)
				SetLoadedEditorAssemblies (2ms)
				RefreshPlugins (2ms)
				BeforeProcessingInitializeOnLoad (220ms)
				ProcessInitializeOnLoadAttributes (782ms)
				ProcessInitializeOnLoadMethodAttributes (251ms)
				AfterProcessingInitializeOnLoad (7ms)
				EditorAssembliesLoaded (0ms)
			ExecutionOrderSort2 (0ms)
			AwakeInstancesAfterBackupRestoration (42ms)
Platform modules already initialized, skipping
Refreshing native plugins compatible for Editor in 6.38 ms, found 3 plugins.
Preloading 0 native plugins for Editor in 0.00 ms.
Unloading 5854 Unused Serialized files (Serialized files now loaded: 0)
Unloading 53 unused Assets / (2.0 MB). Loaded Objects now: 6815.
Memory consumption went from 251.5 MB to 249.5 MB.
Total: 5.476600 ms (FindLiveObjects: 0.595500 ms CreateObjectMapping: 0.449000 ms MarkObjects: 3.797400 ms  DeleteObjects: 0.633100 ms)

AssetImportParameters requested are different than current active one (requested -> active):
  custom:video-decoder-ogg-theora: a1e56fd34408186e4bbccfd4996cb3dc -> 
  custom:container-muxer-webm: aa71ff27fc2769a1b78a27578f13a17b -> 
  custom:container-demuxer-webm: 4f35f7cbe854078d1ac9338744f61a02 -> 
  custom:video-encoder-webm-vp8: eb34c28f22e8b96e1ab97ce403110664 -> 
  custom:audio-encoder-webm-vorbis: bf7c407c2cedff20999df2af8eb42d56 -> 
  custom:framework-win-MediaFoundation: 216162199b28c13a410421893ffa2e32 -> 
  custom:container-demuxer-ogg: 62fdf1f143b41e24485cea50d1cbac27 -> 
  custom:video-decoder-webm-vp8: 9c59270c3fd7afecdb556c50c9e8de78 -> 
  custom:audio-decoder-ogg-vorbis: bf7c407c2cedff20999df2af8eb42d56 -> 
========================================================================
Received Prepare
Registering precompiled user dll's ...
Registered in 0.012582 seconds.
Begin MonoManager ReloadAssembly
Native extension for WindowsStandalone target not found
Refreshing native plugins compatible for Editor in 4.03 ms, found 3 plugins.
Preloading 0 native plugins for Editor in 0.00 ms.
System.MissingMethodException: Method not found: void UnityEditor.PluginImporter.SetShouldOverridePredicate(System.Predicate`1<string>)
UnityEngine.StackTraceUtility:ExtractStackTrace ()
UnityEngine.DebugLogHandler:LogFormat (UnityEngine.LogType,UnityEngine.Object,string,object[])
UnityEngine.Logger:Log (UnityEngine.LogType,object)
UnityEngine.Debug:LogError (object)
UnityEditor.EditorAssemblies:ProcessInitializeOnLoadAttributes (System.Type[])

Mono: successfully reloaded assembly
- Completed reload, in  2.696 seconds
Domain Reload Profiling:
	ReloadAssembly (2697ms)
		BeginReloadAssembly (229ms)
			ExecutionOrderSort (0ms)
			DisableScriptedObjects (19ms)
			BackupInstance (0ms)
			ReleaseScriptingObjects (1ms)
			CreateAndSetChildDomain (76ms)
		EndReloadAssembly (2318ms)
			LoadAssemblies (149ms)
			RebuildTransferFunctionScriptingTraits (0ms)
			SetupTypeCache (703ms)
			ReleaseScriptCaches (8ms)
			RebuildScriptCaches (121ms)
			SetupLoadedEditorAssemblies (1108ms)
				LogAssemblyErrors (0ms)
				InitializePlatformSupportModulesInManaged (23ms)
				SetLoadedEditorAssemblies (1ms)
				RefreshPlugins (4ms)
				BeforeProcessingInitializeOnLoad (187ms)
				ProcessInitializeOnLoadAttributes (711ms)
				ProcessInitializeOnLoadMethodAttributes (176ms)
				AfterProcessingInitializeOnLoad (6ms)
				EditorAssembliesLoaded (0ms)
			ExecutionOrderSort2 (0ms)
			AwakeInstancesAfterBackupRestoration (50ms)
Platform modules already initialized, skipping
Refreshing native plugins compatible for Editor in 6.25 ms, found 3 plugins.
Preloading 0 native plugins for Editor in 0.00 ms.
Unloading 5854 Unused Serialized files (Serialized files now loaded: 0)
Unloading 53 unused Assets / (2.0 MB). Loaded Objects now: 6830.
Memory consumption went from 251.5 MB to 249.5 MB.
Total: 9.700700 ms (FindLiveObjects: 0.816100 ms CreateObjectMapping: 0.964700 ms MarkObjects: 6.806200 ms  DeleteObjects: 1.111000 ms)

AssetImportParameters requested are different than current active one (requested -> active):
  custom:video-decoder-ogg-theora: a1e56fd34408186e4bbccfd4996cb3dc -> 
  custom:container-muxer-webm: aa71ff27fc2769a1b78a27578f13a17b -> 
  custom:container-demuxer-webm: 4f35f7cbe854078d1ac9338744f61a02 -> 
  custom:video-encoder-webm-vp8: eb34c28f22e8b96e1ab97ce403110664 -> 
  custom:audio-encoder-webm-vorbis: bf7c407c2cedff20999df2af8eb42d56 -> 
  custom:framework-win-MediaFoundation: 216162199b28c13a410421893ffa2e32 -> 
  custom:container-demuxer-ogg: 62fdf1f143b41e24485cea50d1cbac27 -> 
  custom:video-decoder-webm-vp8: 9c59270c3fd7afecdb556c50c9e8de78 -> 
  custom:audio-decoder-ogg-vorbis: bf7c407c2cedff20999df2af8eb42d56 -> 
========================================================================
Received Import Request.
  Time since last request: 230.956568 seconds.
  path: Assets/Prefabs/Player.prefab
  artifactKey: Guid(5acd9360210b64c4c876bb8df0fef958) Importer(815301076,1909f56bfc062723c751e8b465ee728b)
Start importing Assets/Prefabs/Player.prefab using Guid(5acd9360210b64c4c876bb8df0fef958) Importer(815301076,1909f56bfc062723c751e8b465ee728b)  -> (artifact id: '3f3606d8cdeb8380456f9940d29157f8') in 0.284184 seconds 
========================================================================
Received Import Request.
  Time since last request: 5.065306 seconds.
  path: Assets/Samples/Universal RP/12.1.6/URP Package Samples/SharedAssets/Prefabs/FirstPersonPlayer.prefab
  artifactKey: Guid(8089b5fe6d8304423814ff197221f77d) Importer(815301076,1909f56bfc062723c751e8b465ee728b)
Start importing Assets/Samples/Universal RP/12.1.6/URP Package Samples/SharedAssets/Prefabs/FirstPersonPlayer.prefab using Guid(8089b5fe6d8304423814ff197221f77d) Importer(815301076,1909f56bfc062723c751e8b465ee728b)  -> (artifact id: '299334ea9affc5f6efbb4b23147996ce') in 0.092024 seconds 
========================================================================
Received Import Request.
  Time since last request: 0.000070 seconds.
  path: Assets/Samples/Universal RP/12.1.6/URP Package Samples/RendererFeatures/TrailEffect/TrailMapDisplay.mat
  artifactKey: Guid(33464e10663c24965b706ce42c11f3e2) Importer(815301076,1909f56bfc062723c751e8b465ee728b)
Start importing Assets/Samples/Universal RP/12.1.6/URP Package Samples/RendererFeatures/TrailEffect/TrailMapDisplay.mat using Guid(33464e10663c24965b706ce42c11f3e2) Importer(815301076,1909f56bfc062723c751e8b465ee728b)  -> (artifact id: 'b810df1d7a36da9f6676c7d31aa289fc') in 1.286358 seconds 
========================================================================
Received Import Request.
  Time since last request: 3.916505 seconds.
  path: Assets/ExtraTools/Sci-Fi Styled Modular Pack/Prefabs/Decorative elements/decorative_plant.prefab
  artifactKey: Guid(83a919b0e630c394780833b59a51ab4f) Importer(815301076,1909f56bfc062723c751e8b465ee728b)
Start importing Assets/ExtraTools/Sci-Fi Styled Modular Pack/Prefabs/Decorative elements/decorative_plant.prefab using Guid(83a919b0e630c394780833b59a51ab4f) Importer(815301076,1909f56bfc062723c751e8b465ee728b)  -> (artifact id: '6c25d004fe22f39cbf94238be3cfbd31') in 0.547120 seconds 
========================================================================
Received Import Request.
  Time since last request: 0.000058 seconds.
  path: Assets/Samples/Universal RP/12.1.6/URP Package Samples/CameraStacking/3D Skybox/Materials/Planet 1.mat
  artifactKey: Guid(a5cb8f46ef6d74dad945d8966c0de9d2) Importer(815301076,1909f56bfc062723c751e8b465ee728b)
Start importing Assets/Samples/Universal RP/12.1.6/URP Package Samples/CameraStacking/3D Skybox/Materials/Planet 1.mat using Guid(a5cb8f46ef6d74dad945d8966c0de9d2) Importer(815301076,1909f56bfc062723c751e8b465ee728b)  -> (artifact id: '25a9d5b5545acf7e6972e243d8441ccf') in 0.880249 seconds 
========================================================================
Received Import Request.
  Time since last request: 0.000035 seconds.
  path: Assets/DirtyApartments/_models/decals/wall_decal_3.fbx
  artifactKey: Guid(ba8b7fd2f1ec940ffa15a54994b77f7f) Importer(815301076,1909f56bfc062723c751e8b465ee728b)
Start importing Assets/DirtyApartments/_models/decals/wall_decal_3.fbx using Guid(ba8b7fd2f1ec940ffa15a54994b77f7f) Importer(815301076,1909f56bfc062723c751e8b465ee728b)  -> (artifact id: '5ad150a53097336459b1a16d0929fd56') in 0.123775 seconds 
========================================================================
Received Import Request.
  Time since last request: 0.000050 seconds.
  path: Assets/DirtyApartments/_models/decals/writing_5.fbx
  artifactKey: Guid(599742999ca7646bf88238d23385ec0d) Importer(815301076,1909f56bfc062723c751e8b465ee728b)
Start importing Assets/DirtyApartments/_models/decals/writing_5.fbx using Guid(599742999ca7646bf88238d23385ec0d) Importer(815301076,1909f56bfc062723c751e8b465ee728b)  -> (artifact id: '870b3f571b8305a638437cc6d4922210') in 0.102337 seconds 
========================================================================
Received Import Request.
  Time since last request: 0.000087 seconds.
  path: Assets/Samples/Universal RP/12.1.6/URP Package Samples/CameraStacking/3D Skybox/Materials/Planet 2.mat
  artifactKey: Guid(c487dd3f568bf41beb93da5927d9d434) Importer(815301076,1909f56bfc062723c751e8b465ee728b)
Start importing Assets/Samples/Universal RP/12.1.6/URP Package Samples/CameraStacking/3D Skybox/Materials/Planet 2.mat using Guid(c487dd3f568bf41beb93da5927d9d434) Importer(815301076,1909f56bfc062723c751e8b465ee728b)  -> (artifact id: 'b7869bc3d7bd154b5e71d585a54f3262') in 0.061145 seconds 
========================================================================
Received Import Request.
  Time since last request: 0.000080 seconds.
  path: Assets/ExampleAssets/Materials/Metal_Simple_Mat.mat
  artifactKey: Guid(a0427cf339e5891468d5f2b433b2d44a) Importer(815301076,1909f56bfc062723c751e8b465ee728b)
Start importing Assets/ExampleAssets/Materials/Metal_Simple_Mat.mat using Guid(a0427cf339e5891468d5f2b433b2d44a) Importer(815301076,1909f56bfc062723c751e8b465ee728b)  -> (artifact id: 'a71256a71b07c928a0ac44bcc7f06c43') in 0.146314 seconds 
========================================================================
Received Import Request.
  Time since last request: 0.000044 seconds.
  path: Assets/DirtyApartments/_models/wallPaper/wallpaper_1.fbx
  artifactKey: Guid(9ee554b0993414426ac4aac5c80a13f7) Importer(815301076,1909f56bfc062723c751e8b465ee728b)
Start importing Assets/DirtyApartments/_models/wallPaper/wallpaper_1.fbx using Guid(9ee554b0993414426ac4aac5c80a13f7) Importer(815301076,1909f56bfc062723c751e8b465ee728b)  -> (artifact id: '2fe04ceb0781beda776eda232559e1a9') in 0.112017 seconds 
========================================================================
Received Import Request.
  Time since last request: 0.000044 seconds.
  path: Assets/DirtyApartments/_models/decals/wall_decal_2.fbx
  artifactKey: Guid(42697437dd84249ef838e37fa0b469e6) Importer(815301076,1909f56bfc062723c751e8b465ee728b)
Start importing Assets/DirtyApartments/_models/decals/wall_decal_2.fbx using Guid(42697437dd84249ef838e37fa0b469e6) Importer(815301076,1909f56bfc062723c751e8b465ee728b)  -> (artifact id: 'a3add40daf76867af5667e91463d1058') in 0.089796 seconds 
========================================================================
Received Import Request.
  Time since last request: 0.000051 seconds.
  path: Assets/DirtyApartments/_models/decals/writing_4.fbx
  artifactKey: Guid(d6aa99e9e3b3c49688370405de827390) Importer(815301076,1909f56bfc062723c751e8b465ee728b)
Start importing Assets/DirtyApartments/_models/decals/writing_4.fbx using Guid(d6aa99e9e3b3c49688370405de827390) Importer(815301076,1909f56bfc062723c751e8b465ee728b)  -> (artifact id: '547fe34788b7c38a2a62cba0e6a7296e') in 0.078927 seconds 
========================================================================
Received Import Request.
  Time since last request: 0.000041 seconds.
  path: Assets/DirtyApartments/_models/props/blanket_1.fbx
  artifactKey: Guid(b1dcc2a0cf308493abc2af32503f0664) Importer(815301076,1909f56bfc062723c751e8b465ee728b)
Start importing Assets/DirtyApartments/_models/props/blanket_1.fbx using Guid(b1dcc2a0cf308493abc2af32503f0664) Importer(815301076,1909f56bfc062723c751e8b465ee728b)  -> (artifact id: '00577d8f8b6720600b58317243f435d8') in 0.091463 seconds 
========================================================================
Received Import Request.
  Time since last request: 0.000051 seconds.
  path: Assets/DirtyApartments/_models/decals/paper_6.fbx
  artifactKey: Guid(47d4f4c23c10f428689bd663e0e6b4e6) Importer(815301076,1909f56bfc062723c751e8b465ee728b)
Start importing Assets/DirtyApartments/_models/decals/paper_6.fbx using Guid(47d4f4c23c10f428689bd663e0e6b4e6) Importer(815301076,1909f56bfc062723c751e8b465ee728b)  -> (artifact id: '8f01c1e17d9c37f99ecf5221f5901801') in 0.063192 seconds 
========================================================================
Received Import Request.
  Time since last request: 0.000057 seconds.
  path: Assets/DirtyApartments/_models/wallPaper/wallpaper_4.fbx
  artifactKey: Guid(9e1453955ac734e9aa8f4a7c7f30b32e) Importer(815301076,1909f56bfc062723c751e8b465ee728b)
Start importing Assets/DirtyApartments/_models/wallPaper/wallpaper_4.fbx using Guid(9e1453955ac734e9aa8f4a7c7f30b32e) Importer(815301076,1909f56bfc062723c751e8b465ee728b)  -> (artifact id: '62226dcfde9d9d9b8101e8c6ba69645c') in 0.066275 seconds 
========================================================================
Received Import Request.
  Time since last request: 0.000051 seconds.
  path: Assets/ExampleAssets/Textures/Plastic/Plastic_AlbedoSmoothness.tif
  artifactKey: Guid(1f89fed00b6bc904c861ab847a811cb8) Importer(815301076,1909f56bfc062723c751e8b465ee728b)
Start importing Assets/ExampleAssets/Textures/Plastic/Plastic_AlbedoSmoothness.tif using Guid(1f89fed00b6bc904c861ab847a811cb8) Importer(815301076,1909f56bfc062723c751e8b465ee728b)  -> (artifact id: '403e6ab768fde559f8acd37e6dda8dcc') in 0.043768 seconds 
========================================================================
Received Import Request.
  Time since last request: 0.000061 seconds.
  path: Assets/DirtyApartments/_models/decals/paper_3.fbx
  artifactKey: Guid(3a84e5c6f04574e88a4c5de926897ad3) Importer(815301076,1909f56bfc062723c751e8b465ee728b)
Start importing Assets/DirtyApartments/_models/decals/paper_3.fbx using Guid(3a84e5c6f04574e88a4c5de926897ad3) Importer(815301076,1909f56bfc062723c751e8b465ee728b)  -> (artifact id: 'c33fc09e103640e824b5e803cb2de5b6') in 0.073338 seconds 
========================================================================
Received Import Request.
  Time since last request: 0.000055 seconds.
  path: Assets/DirtyApartments/_models/decals/decals_1a.fbx
  artifactKey: Guid(3cde095e820b2461c8eb57f47a64870a) Importer(815301076,1909f56bfc062723c751e8b465ee728b)
Start importing Assets/DirtyApartments/_models/decals/decals_1a.fbx using Guid(3cde095e820b2461c8eb57f47a64870a) Importer(815301076,1909f56bfc062723c751e8b465ee728b)  -> (artifact id: 'a499905e8651d0bb291b25aa0966d586') in 0.080432 seconds 
========================================================================
Received Import Request.
  Time since last request: 0.000061 seconds.
  path: Assets/ExampleAssets/Models/Workshop_Set.fbx
  artifactKey: Guid(47616bd0cda748d4cbedcfc908506b9d) Importer(815301076,1909f56bfc062723c751e8b465ee728b)
Start importing Assets/ExampleAssets/Models/Workshop_Set.fbx using Guid(47616bd0cda748d4cbedcfc908506b9d) Importer(815301076,1909f56bfc062723c751e8b465ee728b)  -> (artifact id: '25766bb7e8c69d531471880d12c54aa6') in 0.245176 seconds 
========================================================================
Received Import Request.
  Time since last request: 0.000050 seconds.
  path: Assets/ExampleAssets/Models/magneticlevel_low.fbx
  artifactKey: Guid(bae110eee250e4b418b188f4ae4e3170) Importer(815301076,1909f56bfc062723c751e8b465ee728b)
Start importing Assets/ExampleAssets/Models/magneticlevel_low.fbx using Guid(bae110eee250e4b418b188f4ae4e3170) Importer(815301076,1909f56bfc062723c751e8b465ee728b)  -> (artifact id: '2b3ddd20f20d5fae5c72b5137319cc4d') in 0.153091 seconds 
========================================================================
Received Import Request.
  Time since last request: 0.000053 seconds.
  path: Assets/DirtyApartments/_models/decals/wall_decal_1.fbx
  artifactKey: Guid(4d3fcec8082de41818b6dbd81a9b425e) Importer(815301076,1909f56bfc062723c751e8b465ee728b)
Start importing Assets/DirtyApartments/_models/decals/wall_decal_1.fbx using Guid(4d3fcec8082de41818b6dbd81a9b425e) Importer(815301076,1909f56bfc062723c751e8b465ee728b)  -> (artifact id: '79a77a48d7cab17ad0048cf22c6ae2db') in 0.061534 seconds 
========================================================================
Received Import Request.
  Time since last request: 0.000069 seconds.
  path: Assets/ExtraTools/Sci-Fi Styled Modular Pack/Prefabs/Decorative elements/decorative_plant_desk.prefab
  artifactKey: Guid(7dd02c12b2c21ff49aa148934b3c1395) Importer(815301076,1909f56bfc062723c751e8b465ee728b)
Start importing Assets/ExtraTools/Sci-Fi Styled Modular Pack/Prefabs/Decorative elements/decorative_plant_desk.prefab using Guid(7dd02c12b2c21ff49aa148934b3c1395) Importer(815301076,1909f56bfc062723c751e8b465ee728b)  -> (artifact id: '62e04844b97c2039109665e36a27c2a9') in 0.076397 seconds 
========================================================================
Received Import Request.
  Time since last request: 0.000037 seconds.
  path: Assets/ExtraTools/Sci-Fi Styled Modular Pack/Prefabs/Decorative elements/decorative_plant_small.prefab
  artifactKey: Guid(a4b101bd1cf6bc9478190c1aa0f3d52e) Importer(815301076,1909f56bfc062723c751e8b465ee728b)
Start importing Assets/ExtraTools/Sci-Fi Styled Modular Pack/Prefabs/Decorative elements/decorative_plant_small.prefab using Guid(a4b101bd1cf6bc9478190c1aa0f3d52e) Importer(815301076,1909f56bfc062723c751e8b465ee728b)  -> (artifact id: 'e43e01889054efc54a3efe3d4c38f6ff') in 0.049081 seconds 
========================================================================
Received Import Request.
  Time since last request: 0.000081 seconds.
  path: Assets/ExampleAssets/Materials/Metal_Blue_Simple_Mat.mat
  artifactKey: Guid(cd71291c91c8cce499cb663b5db9970e) Importer(815301076,1909f56bfc062723c751e8b465ee728b)
Start importing Assets/ExampleAssets/Materials/Metal_Blue_Simple_Mat.mat using Guid(cd71291c91c8cce499cb663b5db9970e) Importer(815301076,1909f56bfc062723c751e8b465ee728b)  -> (artifact id: '31aaaedc23abe8fa555d22ab449433c5') in 0.045325 seconds 
========================================================================
Received Import Request.
  Time since last request: 0.000031 seconds.
  path: Assets/DirtyApartments/_models/decals/paper_4.fbx
  artifactKey: Guid(36975334400ec44339c47772593370a1) Importer(815301076,1909f56bfc062723c751e8b465ee728b)
Start importing Assets/DirtyApartments/_models/decals/paper_4.fbx using Guid(36975334400ec44339c47772593370a1) Importer(815301076,1909f56bfc062723c751e8b465ee728b)  -> (artifact id: 'bd240131b739d1cb6800a4aa2f06f1fb') in 0.076936 seconds 
========================================================================
Received Import Request.
  Time since last request: 0.000043 seconds.
  path: Assets/DirtyApartments/_models/decals/paper_1.fbx
  artifactKey: Guid(d76627697e7bb4bd28386cc61bba666c) Importer(815301076,1909f56bfc062723c751e8b465ee728b)
Start importing Assets/DirtyApartments/_models/decals/paper_1.fbx using Guid(d76627697e7bb4bd28386cc61bba666c) Importer(815301076,1909f56bfc062723c751e8b465ee728b)  -> (artifact id: 'db7cbff92764c8d29f217739977b2d20') in 0.073047 seconds 
========================================================================
Received Import Request.
  Time since last request: 0.000039 seconds.
  path: Assets/ExtraTools/Sci-Fi Styled Modular Pack/Models/decorative_plant_desk.fbx
  artifactKey: Guid(3112b0e09a01a2f4abd3ff0277d70a78) Importer(815301076,1909f56bfc062723c751e8b465ee728b)
Start importing Assets/ExtraTools/Sci-Fi Styled Modular Pack/Models/decorative_plant_desk.fbx using Guid(3112b0e09a01a2f4abd3ff0277d70a78) Importer(815301076,1909f56bfc062723c751e8b465ee728b)  -> (artifact id: '32077e3004818fec002f95dbed647fea') in 0.049992 seconds 
========================================================================
Received Import Request.
  Time since last request: 0.000043 seconds.
  path: Assets/Samples/Universal RP/12.1.6/URP Package Samples/Decals/PaintSplat/PaintSplat_Mat.mat
  artifactKey: Guid(d77f7a4cdcb2643618b950c16172ddd2) Importer(815301076,1909f56bfc062723c751e8b465ee728b)
Start importing Assets/Samples/Universal RP/12.1.6/URP Package Samples/Decals/PaintSplat/PaintSplat_Mat.mat using Guid(d77f7a4cdcb2643618b950c16172ddd2) Importer(815301076,1909f56bfc062723c751e8b465ee728b)  -> (artifact id: '7a8659e899684d2485de2cb0347ceab4') in 0.113719 seconds 
========================================================================
Received Import Request.
  Time since last request: 0.000066 seconds.
  path: Assets/DirtyApartments/_models/decals/decals_3a.fbx
  artifactKey: Guid(46cfaee7d923b40c2a27a697d5edab83) Importer(815301076,1909f56bfc062723c751e8b465ee728b)
Start importing Assets/DirtyApartments/_models/decals/decals_3a.fbx using Guid(46cfaee7d923b40c2a27a697d5edab83) Importer(815301076,1909f56bfc062723c751e8b465ee728b)  -> (artifact id: 'fd1cf49b9942fab2e6ab9881fc7d7538') in 0.060222 seconds 
========================================================================
Received Import Request.
  Time since last request: 0.000050 seconds.
  path: Assets/DirtyApartments/_models/wallPaper/wallpaper_7.fbx
  artifactKey: Guid(210f99e24b3ab4559b533f31ff773358) Importer(815301076,1909f56bfc062723c751e8b465ee728b)
Start importing Assets/DirtyApartments/_models/wallPaper/wallpaper_7.fbx using Guid(210f99e24b3ab4559b533f31ff773358) Importer(815301076,1909f56bfc062723c751e8b465ee728b)  -> (artifact id: 'a80543159e76d35c9fc936efa6c88870') in 0.066539 seconds 
========================================================================
Received Import Request.
  Time since last request: 0.000055 seconds.
  path: Assets/DirtyApartments/_models/decals/decals_2.fbx
  artifactKey: Guid(82a38bd737cd1450b889bb9995fe0d59) Importer(815301076,1909f56bfc062723c751e8b465ee728b)
Start importing Assets/DirtyApartments/_models/decals/decals_2.fbx using Guid(82a38bd737cd1450b889bb9995fe0d59) Importer(815301076,1909f56bfc062723c751e8b465ee728b)  -> (artifact id: 'aa6aeb008092032a6a2aea490e7c182f') in 0.063979 seconds 
========================================================================
Received Import Request.
  Time since last request: 0.000030 seconds.
  path: Assets/DirtyApartments/_models/decals/paper_5.fbx
  artifactKey: Guid(f9220fc1abfc9448da500989a499b2f1) Importer(815301076,1909f56bfc062723c751e8b465ee728b)
Start importing Assets/DirtyApartments/_models/decals/paper_5.fbx using Guid(f9220fc1abfc9448da500989a499b2f1) Importer(815301076,1909f56bfc062723c751e8b465ee728b)  -> (artifact id: '93ffc7b642676ff0707b62691d98f172') in 0.093883 seconds 
========================================================================
Received Import Request.
  Time since last request: 0.000049 seconds.
  path: Assets/DirtyApartments/_models/props/curtianRod.fbx
  artifactKey: Guid(077fba94554c244ccbb3c8835b458fc7) Importer(815301076,1909f56bfc062723c751e8b465ee728b)
Start importing Assets/DirtyApartments/_models/props/curtianRod.fbx using Guid(077fba94554c244ccbb3c8835b458fc7) Importer(815301076,1909f56bfc062723c751e8b465ee728b)  -> (artifact id: '77ef852bd0e8dfe1c9adbb78b3c39ca2') in 0.066575 seconds 
========================================================================
Received Import Request.
  Time since last request: 0.000050 seconds.
  path: Assets/Ultimate 10 Plus Shaders/Materials/Unique/Plasma (2).mat
  artifactKey: Guid(976b31720675c1a47be763ebf89dc566) Importer(815301076,1909f56bfc062723c751e8b465ee728b)
Start importing Assets/Ultimate 10 Plus Shaders/Materials/Unique/Plasma (2).mat using Guid(976b31720675c1a47be763ebf89dc566) Importer(815301076,1909f56bfc062723c751e8b465ee728b)  -> (artifact id: '3b5fc214cfa7614d34fdc073a8237a8b') in 0.182263 seconds 
========================================================================
Received Import Request.
  Time since last request: 0.000048 seconds.
  path: Assets/ExampleAssets/Models/safetygoggles_low.fbx
  artifactKey: Guid(6296e48663fd7ad46b1a2af507f871cf) Importer(815301076,1909f56bfc062723c751e8b465ee728b)
Start importing Assets/ExampleAssets/Models/safetygoggles_low.fbx using Guid(6296e48663fd7ad46b1a2af507f871cf) Importer(815301076,1909f56bfc062723c751e8b465ee728b)  -> (artifact id: 'e6cb10db3d6084878aec445b4d0e7cf2') in 0.121148 seconds 
========================================================================
Received Import Request.
  Time since last request: 0.000087 seconds.
  path: Assets/DirtyApartments/_models/decals/paper_8.fbx
  artifactKey: Guid(3468a7788241243e692d343c7860e16c) Importer(815301076,1909f56bfc062723c751e8b465ee728b)
Start importing Assets/DirtyApartments/_models/decals/paper_8.fbx using Guid(3468a7788241243e692d343c7860e16c) Importer(815301076,1909f56bfc062723c751e8b465ee728b)  -> (artifact id: '6f4da57bdeabac46ad1403af234686e2') in 0.078199 seconds 
========================================================================
Received Import Request.
  Time since last request: 0.000031 seconds.
  path: Assets/DirtyApartments/_models/decals/writing_1.fbx
  artifactKey: Guid(d10f4933e20f341b48993b222556a71c) Importer(815301076,1909f56bfc062723c751e8b465ee728b)
Start importing Assets/DirtyApartments/_models/decals/writing_1.fbx using Guid(d10f4933e20f341b48993b222556a71c) Importer(815301076,1909f56bfc062723c751e8b465ee728b)  -> (artifact id: '10251223c4c462d71733ece0a0970d39') in 0.068520 seconds 
========================================================================
Received Import Request.
  Time since last request: 0.000062 seconds.
  path: Assets/DirtyApartments/_models/decals/paper_7.fbx
  artifactKey: Guid(b36cf97ef982f4322952c46550cfe98a) Importer(815301076,1909f56bfc062723c751e8b465ee728b)
Start importing Assets/DirtyApartments/_models/decals/paper_7.fbx using Guid(b36cf97ef982f4322952c46550cfe98a) Importer(815301076,1909f56bfc062723c751e8b465ee728b)  -> (artifact id: '4277a6f5b1987988bf275e9f706ed129') in 0.063399 seconds 
========================================================================
Received Import Request.
  Time since last request: 0.000113 seconds.
  path: Assets/ExampleAssets/Models/Stud.fbx
  artifactKey: Guid(34624edaccd9d704a95ed404d919b492) Importer(815301076,1909f56bfc062723c751e8b465ee728b)
Start importing Assets/ExampleAssets/Models/Stud.fbx using Guid(34624edaccd9d704a95ed404d919b492) Importer(815301076,1909f56bfc062723c751e8b465ee728b)  -> (artifact id: '8482aca1f8e60ccd831496c7e6c44424') in 0.086450 seconds 
========================================================================
Received Import Request.
  Time since last request: 0.000041 seconds.
  path: Assets/DirtyApartments/_models/props/curtian_2.fbx
  artifactKey: Guid(5410f73d127034604a9316eb7586ea89) Importer(815301076,1909f56bfc062723c751e8b465ee728b)
Start importing Assets/DirtyApartments/_models/props/curtian_2.fbx using Guid(5410f73d127034604a9316eb7586ea89) Importer(815301076,1909f56bfc062723c751e8b465ee728b)  -> (artifact id: '213573408e0062eae3f1e915bf54cbb1') in 0.082742 seconds 
========================================================================
Received Import Request.
  Time since last request: 0.000031 seconds.
  path: Assets/DirtyApartments/_models/decals/decals_3.fbx
  artifactKey: Guid(74fc62e76e3d34d53b51472c5417d098) Importer(815301076,1909f56bfc062723c751e8b465ee728b)
Start importing Assets/DirtyApartments/_models/decals/decals_3.fbx using Guid(74fc62e76e3d34d53b51472c5417d098) Importer(815301076,1909f56bfc062723c751e8b465ee728b)  -> (artifact id: 'f94407f6cd60e662f202f344cce97605') in 0.057972 seconds 
========================================================================
Received Import Request.
  Time since last request: 0.000042 seconds.
  path: Assets/DirtyApartments/_models/decals/decals_1b.fbx
  artifactKey: Guid(3fc303f0730564d749d0e1776ae075f9) Importer(815301076,1909f56bfc062723c751e8b465ee728b)
Start importing Assets/DirtyApartments/_models/decals/decals_1b.fbx using Guid(3fc303f0730564d749d0e1776ae075f9) Importer(815301076,1909f56bfc062723c751e8b465ee728b)  -> (artifact id: 'f52f3a6f182a9891a02a97deaee9bf44') in 0.066384 seconds 
========================================================================
Received Import Request.
  Time since last request: 0.000091 seconds.
  path: Assets/DirtyApartments/_models/props/cloth_1.fbx
  artifactKey: Guid(e7e578701ce1949b387586096be0bcb9) Importer(815301076,1909f56bfc062723c751e8b465ee728b)
Start importing Assets/DirtyApartments/_models/props/cloth_1.fbx using Guid(e7e578701ce1949b387586096be0bcb9) Importer(815301076,1909f56bfc062723c751e8b465ee728b)  -> (artifact id: 'eaa94ce5514229e8783f7b418bfe2626') in 0.051744 seconds 
========================================================================
Received Import Request.
  Time since last request: 0.000048 seconds.
  path: Assets/Ultimate 10 Plus Shaders/Materials/Unique/Plasma (1).mat
  artifactKey: Guid(07553007ceddacc47bac6a131f3dc619) Importer(815301076,1909f56bfc062723c751e8b465ee728b)
Start importing Assets/Ultimate 10 Plus Shaders/Materials/Unique/Plasma (1).mat using Guid(07553007ceddacc47bac6a131f3dc619) Importer(815301076,1909f56bfc062723c751e8b465ee728b)  -> (artifact id: '83b73b1804b74260b46ded7d8d89357c') in 0.146536 seconds 
========================================================================
Received Import Request.
  Time since last request: 0.000037 seconds.
  path: Assets/DirtyApartments/_models/decals/paper_2.fbx
  artifactKey: Guid(00509c31326d74faf9e08b3d91c435eb) Importer(815301076,1909f56bfc062723c751e8b465ee728b)
Start importing Assets/DirtyApartments/_models/decals/paper_2.fbx using Guid(00509c31326d74faf9e08b3d91c435eb) Importer(815301076,1909f56bfc062723c751e8b465ee728b)  -> (artifact id: '04869b7c69ea53ab2a32fd564be14d8a') in 0.103165 seconds 
========================================================================
Received Import Request.
  Time since last request: 0.000090 seconds.
  path: Assets/DirtyApartments/_models/wallPaper/wallpaper_2.fbx
  artifactKey: Guid(ea95a3ab865da4755aafe174c87f7930) Importer(815301076,1909f56bfc062723c751e8b465ee728b)
Start importing Assets/DirtyApartments/_models/wallPaper/wallpaper_2.fbx using Guid(ea95a3ab865da4755aafe174c87f7930) Importer(815301076,1909f56bfc062723c751e8b465ee728b)  -> (artifact id: '15099ddb0309391b192abfb2cc8b6f32') in 0.097781 seconds 
========================================================================
Received Import Request.
  Time since last request: 0.000035 seconds.
  path: Assets/DirtyApartments/_models/decals/writing_3.fbx
  artifactKey: Guid(29ad0c4af9ddd402ea8afcd0f2832601) Importer(815301076,1909f56bfc062723c751e8b465ee728b)
Start importing Assets/DirtyApartments/_models/decals/writing_3.fbx using Guid(29ad0c4af9ddd402ea8afcd0f2832601) Importer(815301076,1909f56bfc062723c751e8b465ee728b)  -> (artifact id: '7dfba24dfeb2d60908eeaa2271900bca') in 0.081486 seconds 
========================================================================
Received Import Request.
  Time since last request: 0.000064 seconds.
  path: Assets/Prefabs/GameDevLab/Moving Target.prefab
  artifactKey: Guid(a2e06b66813419f44b4cc74e6698a8ad) Importer(815301076,1909f56bfc062723c751e8b465ee728b)
Start importing Assets/Prefabs/GameDevLab/Moving Target.prefab using Guid(a2e06b66813419f44b4cc74e6698a8ad) Importer(815301076,1909f56bfc062723c751e8b465ee728b)  -> (artifact id: '8f7ba9bf35a525e2ec0185cff0d8a0d8') in 0.049775 seconds 
========================================================================
Received Import Request.
  Time since last request: 0.000059 seconds.
  path: Assets/Export/Scripts/Movement/PlayerMovementAdvanced.cs
  artifactKey: Guid(f7787c9b6aab94d4681f9d409008bdcc) Importer(815301076,1909f56bfc062723c751e8b465ee728b)
Start importing Assets/Export/Scripts/Movement/PlayerMovementAdvanced.cs using Guid(f7787c9b6aab94d4681f9d409008bdcc) Importer(815301076,1909f56bfc062723c751e8b465ee728b)  -> (artifact id: 'd03c32d3e8fc939725d40b97c8eca7d9') in 0.012699 seconds 
========================================================================
Received Import Request.
  Time since last request: 0.000047 seconds.
  path: Assets/DirtyApartments/_models/decals/decals_3b.fbx
  artifactKey: Guid(44e4f34585ddb4e2cbd4f0c4ef444937) Importer(815301076,1909f56bfc062723c751e8b465ee728b)
Start importing Assets/DirtyApartments/_models/decals/decals_3b.fbx using Guid(44e4f34585ddb4e2cbd4f0c4ef444937) Importer(815301076,1909f56bfc062723c751e8b465ee728b)  -> (artifact id: '79b7ec1c4a54fe59472f02f0d0b5e533') in 0.077388 seconds 
========================================================================
Received Import Request.
  Time since last request: 0.000059 seconds.
  path: Assets/DirtyApartments/_models/wallPaper/wallpaper_3.fbx
  artifactKey: Guid(db5d626972e7a492db37e1d459269a2a) Importer(815301076,1909f56bfc062723c751e8b465ee728b)
Start importing Assets/DirtyApartments/_models/wallPaper/wallpaper_3.fbx using Guid(db5d626972e7a492db37e1d459269a2a) Importer(815301076,1909f56bfc062723c751e8b465ee728b)  -> (artifact id: '80938968df97eb79d471174c45f19bce') in 0.052713 seconds 
========================================================================
Received Import Request.
  Time since last request: 0.000051 seconds.
  path: Assets/DirtyApartments/_models/props/curtian_1.fbx
  artifactKey: Guid(272f5b4845f0b4957825ed52d1c2ee2f) Importer(815301076,1909f56bfc062723c751e8b465ee728b)
Start importing Assets/DirtyApartments/_models/props/curtian_1.fbx using Guid(272f5b4845f0b4957825ed52d1c2ee2f) Importer(815301076,1909f56bfc062723c751e8b465ee728b)  -> (artifact id: '7c68e64d7f4d3d911ddb4484d03a82ed') in 0.067240 seconds 
========================================================================
Received Import Request.
  Time since last request: 0.000080 seconds.
  path: Assets/ExampleAssets/Models/Workbench.fbx
  artifactKey: Guid(efe9381559c516743bd05cef82f39ebb) Importer(815301076,1909f56bfc062723c751e8b465ee728b)
Start importing Assets/ExampleAssets/Models/Workbench.fbx using Guid(efe9381559c516743bd05cef82f39ebb) Importer(815301076,1909f56bfc062723c751e8b465ee728b)  -> (artifact id: '3e969136577dff59e356384dfe285341') in 0.234180 seconds 
========================================================================
Received Import Request.
  Time since last request: 0.000040 seconds.
  path: Assets/DirtyApartments/_models/decals/decals_2a.fbx
  artifactKey: Guid(1de8b7529a9bf4199a66f11f8bbb5677) Importer(815301076,1909f56bfc062723c751e8b465ee728b)
Start importing Assets/DirtyApartments/_models/decals/decals_2a.fbx using Guid(1de8b7529a9bf4199a66f11f8bbb5677) Importer(815301076,1909f56bfc062723c751e8b465ee728b)  -> (artifact id: '4d7261af1a77302d98c453b49cdfdc15') in 0.069707 seconds 
========================================================================
Received Import Request.
  Time since last request: 0.000041 seconds.
  path: Assets/Samples/Universal RP/12.1.6/URP Package Samples/Decals/PaintSplat/PaintSplatPipeline.asset
  artifactKey: Guid(38ffc354913d6414e9bea08e09ba196b) Importer(815301076,1909f56bfc062723c751e8b465ee728b)
Start importing Assets/Samples/Universal RP/12.1.6/URP Package Samples/Decals/PaintSplat/PaintSplatPipeline.asset using Guid(38ffc354913d6414e9bea08e09ba196b) Importer(815301076,1909f56bfc062723c751e8b465ee728b)  -> (artifact id: 'ef244479aa544652581f00a5aeb8423b') in 0.045022 seconds 
========================================================================
Received Import Request.
  Time since last request: 0.000056 seconds.
  path: Assets/DirtyApartments/_models/wallPaper/wallpaper_6.fbx
  artifactKey: Guid(732a56c78707f40b29e61d77f9bce8e2) Importer(815301076,1909f56bfc062723c751e8b465ee728b)
Start importing Assets/DirtyApartments/_models/wallPaper/wallpaper_6.fbx using Guid(732a56c78707f40b29e61d77f9bce8e2) Importer(815301076,1909f56bfc062723c751e8b465ee728b)  -> (artifact id: '1c6ca271db05867c5c4e198af9dfae41') in 0.065992 seconds 
========================================================================
Received Import Request.
  Time since last request: 0.000031 seconds.
  path: Assets/DirtyApartments/_models/props/cloth_2.fbx
  artifactKey: Guid(2a08eac3c90dd4452a953e455c0a8546) Importer(815301076,1909f56bfc062723c751e8b465ee728b)
Start importing Assets/DirtyApartments/_models/props/cloth_2.fbx using Guid(2a08eac3c90dd4452a953e455c0a8546) Importer(815301076,1909f56bfc062723c751e8b465ee728b)  -> (artifact id: '488db50967f2f6b85426894685f83952') in 0.071096 seconds 
========================================================================
Received Import Request.
  Time since last request: 0.000055 seconds.
  path: Assets/Samples/Universal RP/12.1.6/URP Package Samples/Decals/PaintSplat/PaintSplatPipeline_Renderer.asset
  artifactKey: Guid(a78073322068149fe9fdac4606f3b1ea) Importer(815301076,1909f56bfc062723c751e8b465ee728b)
Start importing Assets/Samples/Universal RP/12.1.6/URP Package Samples/Decals/PaintSplat/PaintSplatPipeline_Renderer.asset using Guid(a78073322068149fe9fdac4606f3b1ea) Importer(815301076,1909f56bfc062723c751e8b465ee728b)  -> (artifact id: '2b6a54fbb30cac2d17b73a5f98ef936c') in 0.011289 seconds 
========================================================================
Received Import Request.
  Time since last request: 0.000104 seconds.
  path: Assets/DirtyApartments/_models/decals/paper_9.fbx
  artifactKey: Guid(7d2853127ee764b0491ddaeb6f15070b) Importer(815301076,1909f56bfc062723c751e8b465ee728b)
Start importing Assets/DirtyApartments/_models/decals/paper_9.fbx using Guid(7d2853127ee764b0491ddaeb6f15070b) Importer(815301076,1909f56bfc062723c751e8b465ee728b)  -> (artifact id: '2a1d477b1c72a67e6aafbb5204c44d31') in 0.064448 seconds 
========================================================================
Received Import Request.
  Time since last request: 0.000040 seconds.
  path: Assets/DirtyApartments/_models/decals/decals_2b.fbx
  artifactKey: Guid(59b0a58bd7d6f4e228f68645c4cd961e) Importer(815301076,1909f56bfc062723c751e8b465ee728b)
Start importing Assets/DirtyApartments/_models/decals/decals_2b.fbx using Guid(59b0a58bd7d6f4e228f68645c4cd961e) Importer(815301076,1909f56bfc062723c751e8b465ee728b)  -> (artifact id: '244ad9f2e0bde1b2296cd4e09c80dbeb') in 0.088115 seconds 
========================================================================
Received Import Request.
  Time since last request: 0.000039 seconds.
  path: Assets/ExampleAssets/Models/Workbench_Low.fbx
  artifactKey: Guid(ff6dc36862fe41641bb21568d92147c9) Importer(815301076,1909f56bfc062723c751e8b465ee728b)
Start importing Assets/ExampleAssets/Models/Workbench_Low.fbx using Guid(ff6dc36862fe41641bb21568d92147c9) Importer(815301076,1909f56bfc062723c751e8b465ee728b)  -> (artifact id: '956d969e84d9e606818be3ce3eecd6f0') in 0.266350 seconds 
========================================================================
Received Import Request.
  Time since last request: 0.000044 seconds.
  path: Assets/ExtraTools/Movement - Tutorial (Unity Project)/Scripts/Movement/PlayerMovement.cs
  artifactKey: Guid(929575ccff20dc14ca04a99aeec8f082) Importer(815301076,1909f56bfc062723c751e8b465ee728b)
Start importing Assets/ExtraTools/Movement - Tutorial (Unity Project)/Scripts/Movement/PlayerMovement.cs using Guid(929575ccff20dc14ca04a99aeec8f082) Importer(815301076,1909f56bfc062723c751e8b465ee728b)  -> (artifact id: 'cc443da96777c631d351fe5cd4c8dd20') in 0.010543 seconds 
========================================================================
Received Import Request.
  Time since last request: 0.000051 seconds.
  path: Assets/DirtyApartments/_models/wallPaper/wallpaper_5.fbx
  artifactKey: Guid(afd2a588eef534d8598dc130602c6abf) Importer(815301076,1909f56bfc062723c751e8b465ee728b)
Start importing Assets/DirtyApartments/_models/wallPaper/wallpaper_5.fbx using Guid(afd2a588eef534d8598dc130602c6abf) Importer(815301076,1909f56bfc062723c751e8b465ee728b)  -> (artifact id: '2ee0ffa2c6486eb916eb77b17136ad5a') in 0.084377 seconds 
========================================================================
Received Import Request.
  Time since last request: 0.000041 seconds.
  path: Assets/DirtyApartments/_models/props/cloth_3.fbx
  artifactKey: Guid(0183097090dd84d05ba2c03a006a262c) Importer(815301076,1909f56bfc062723c751e8b465ee728b)
Start importing Assets/DirtyApartments/_models/props/cloth_3.fbx using Guid(0183097090dd84d05ba2c03a006a262c) Importer(815301076,1909f56bfc062723c751e8b465ee728b)  -> (artifact id: '572d2bb421e3fadc4486d4dcdba47400') in 0.062696 seconds 
========================================================================
Received Import Request.
  Time since last request: 0.000050 seconds.
  path: Assets/Mobile/UI/UI_Icon_Move.png
  artifactKey: Guid(ff7bfa7addf40784d86f62b8e4a034a6) Importer(815301076,1909f56bfc062723c751e8b465ee728b)
Start importing Assets/Mobile/UI/UI_Icon_Move.png using Guid(ff7bfa7addf40784d86f62b8e4a034a6) Importer(815301076,1909f56bfc062723c751e8b465ee728b)  -> (artifact id: 'a1325b3fea1950005d09c1ddd68dfc06') in 0.187880 seconds 
========================================================================
Received Import Request.
  Time since last request: 2.495188 seconds.
  path: Assets/Export/Scripts/Movement/PlayerMovementAdvancedDone.cs
  artifactKey: Guid(deda40b66f0353d41b3accb2d3bac262) Importer(815301076,1909f56bfc062723c751e8b465ee728b)
Start importing Assets/Export/Scripts/Movement/PlayerMovementAdvancedDone.cs using Guid(deda40b66f0353d41b3accb2d3bac262) Importer(815301076,1909f56bfc062723c751e8b465ee728b)  -> (artifact id: '16186e54a6c338ec5988df37d99917ad') in 0.019039 seconds 
========================================================================
Received Import Request.
  Time since last request: 32.256488 seconds.
  path: Packages/com.unity.render-pipelines.core/Editor/LookDev/Icons/d_Remove.png
  artifactKey: Guid(4ff71d806d58fd041be6e55d1d1ca70e) Importer(815301076,1909f56bfc062723c751e8b465ee728b)
Start importing Packages/com.unity.render-pipelines.core/Editor/LookDev/Icons/d_Remove.png using Guid(4ff71d806d58fd041be6e55d1d1ca70e) Importer(815301076,1909f56bfc062723c751e8b465ee728b)  -> (artifact id: 'aee44b0c93d461129e4d7a25f53a8d46') in 0.104531 seconds 
========================================================================
Received Import Request.
  Time since last request: 0.000035 seconds.
  path: Packages/com.unity.collab-proxy/Editor/PlasticSCM/Assets/Images/iconmoved.png
  artifactKey: Guid(8a6cca56e2b63344eb4769cd92d93ffb) Importer(815301076,1909f56bfc062723c751e8b465ee728b)
Start importing Packages/com.unity.collab-proxy/Editor/PlasticSCM/Assets/Images/iconmoved.png using Guid(8a6cca56e2b63344eb4769cd92d93ffb) Importer(815301076,1909f56bfc062723c751e8b465ee728b)  -> (artifact id: 'ae8ab42c5aa548a9aaf676cb1831978e') in 0.103826 seconds 
========================================================================
Received Import Request.
  Time since last request: 0.000147 seconds.
  path: Packages/com.unity.collab-proxy/Editor/Collaborate/Assets/Icons/moved-file-light.png
  artifactKey: Guid(4616bb1fdd540b8418c6840020e72248) Importer(815301076,1909f56bfc062723c751e8b465ee728b)
Start importing Packages/com.unity.collab-proxy/Editor/Collaborate/Assets/Icons/moved-file-light.png using Guid(4616bb1fdd540b8418c6840020e72248) Importer(815301076,1909f56bfc062723c751e8b465ee728b)  -> (artifact id: '18893153a4b4dba23391195932c015bf') in 0.069292 seconds 
========================================================================
Received Import Request.
  Time since last request: 0.000031 seconds.
  path: Packages/com.unity.render-pipelines.core/Editor/LookDev/Icons/Remove.png
  artifactKey: Guid(a5c48bfebeb031a4b8d66da4be0e27b9) Importer(815301076,1909f56bfc062723c751e8b465ee728b)
Start importing Packages/com.unity.render-pipelines.core/Editor/LookDev/Icons/Remove.png using Guid(a5c48bfebeb031a4b8d66da4be0e27b9) Importer(815301076,1909f56bfc062723c751e8b465ee728b)  -> (artifact id: '2b9f9dbdda570c3c4b0e26e6fe3e675c') in 0.087517 seconds 
========================================================================
Received Import Request.
  Time since last request: 0.000041 seconds.
  path: Packages/com.unity.collab-proxy/Editor/Collaborate/Assets/Icons/moved-file-light@2x.png
  artifactKey: Guid(3a008b3f63356f241a197da231865421) Importer(815301076,1909f56bfc062723c751e8b465ee728b)
Start importing Packages/com.unity.collab-proxy/Editor/Collaborate/Assets/Icons/moved-file-light@2x.png using Guid(3a008b3f63356f241a197da231865421) Importer(815301076,1909f56bfc062723c751e8b465ee728b)  -> (artifact id: '1d589f304c05a098c1ac4baeebaaa8b0') in 0.078527 seconds 
========================================================================
Received Import Request.
  Time since last request: 0.000058 seconds.
  path: Packages/com.unity.collab-proxy/Editor/Collaborate/Assets/Icons/moved-file-dark.png
  artifactKey: Guid(e3ea510ab0d9de74d825181746b18285) Importer(815301076,1909f56bfc062723c751e8b465ee728b)
Start importing Packages/com.unity.collab-proxy/Editor/Collaborate/Assets/Icons/moved-file-dark.png using Guid(e3ea510ab0d9de74d825181746b18285) Importer(815301076,1909f56bfc062723c751e8b465ee728b)  -> (artifact id: 'b8bbd52cf6fbe94935bc5021bd4e2a2d') in 0.046305 seconds 
